2019-08-24 09:30:13 | [INFO]    | Discordia 2.7.0
2019-08-24 09:30:13 | [INFO]    | Connecting to Discord...
2019-08-24 09:30:13 | [INFO]    | Authenticated as TestowyBOT#9186
2019-08-24 09:30:14 | [INFO]    | Launching shard 0 (1 out of 1)...
2019-08-24 09:30:14 | [INFO]    | Shard 0 : Connected to wss://gateway.discord.gg
2019-08-24 09:30:14 | [INFO]    | Shard 0 : Received HELLO
2019-08-24 09:30:15 | [INFO]    | Shard 0 : Received READY
2019-08-24 09:32:46 | [INFO]    | Discordia 2.7.0
2019-08-24 09:32:46 | [INFO]    | Connecting to Discord...
2019-08-24 09:32:47 | [INFO]    | Authenticated as TestowyBOT#9186
2019-08-24 09:32:47 | [INFO]    | Launching shard 0 (1 out of 1)...
2019-08-24 09:32:47 | [INFO]    | Shard 0 : Connected to wss://gateway.discord.gg
2019-08-24 09:32:47 | [INFO]    | Shard 0 : Received HELLO
2019-08-24 09:32:47 | [INFO]    | Shard 0 : Received READY
2021-10-23 17:59:42 | [INFO]    | Discordia 2.7.0
2021-10-23 17:59:42 | [INFO]    | Connecting to Discord...
2021-10-23 17:59:42 | [INFO]    | Authenticated as ⚡FiveM Leaks PL#6904
2021-10-23 17:59:43 | [INFO]    | Launching shard 0 (1 out of 1)...
2021-10-23 17:59:43 | [INFO]    | Shard 0 : Connected to wss://gateway.discord.gg
2021-10-23 17:59:43 | [INFO]    | Shard 0 : Received HELLO
2021-10-23 17:59:43 | [INFO]    | Shard 0 : Received READY
2021-10-23 18:03:19 | [INFO]    | Discordia 2.7.0
2021-10-23 18:03:19 | [INFO]    | Connecting to Discord...
2021-10-23 18:03:19 | [INFO]    | Authenticated as ⚡FiveM Leaks PL#6904
2021-10-23 18:03:19 | [INFO]    | Launching shard 0 (1 out of 1)...
2021-10-23 18:03:19 | [INFO]    | Shard 0 : Connected to wss://gateway.discord.gg
2021-10-23 18:03:19 | [INFO]    | Shard 0 : Received HELLO
2021-10-23 18:03:20 | [INFO]    | Shard 0 : Received READY
2021-10-23 18:05:49 | [INFO]    | Discordia 2.7.0
2021-10-23 18:05:49 | [INFO]    | Connecting to Discord...
2021-10-23 18:05:50 | [INFO]    | Authenticated as ⚡FiveM Leaks PL#6904
2021-10-23 18:05:50 | [INFO]    | Launching shard 0 (1 out of 1)...
2021-10-23 18:05:50 | [INFO]    | Shard 0 : Connected to wss://gateway.discord.gg
2021-10-23 18:05:50 | [INFO]    | Shard 0 : Received HELLO
2021-10-23 18:05:50 | [INFO]    | Shard 0 : Received READY
2021-10-23 18:12:24 | [INFO]    | Discordia 2.7.0
2021-10-23 18:12:24 | [INFO]    | Connecting to Discord...
2021-10-23 18:12:24 | [INFO]    | Authenticated as ⚡FiveM Leaks PL#6904
2021-10-23 18:12:24 | [INFO]    | Launching shard 0 (1 out of 1)...
2021-10-23 18:12:25 | [INFO]    | Shard 0 : Connected to wss://gateway.discord.gg
2021-10-23 18:12:25 | [INFO]    | Shard 0 : Received HELLO
2021-10-23 18:12:25 | [INFO]    | Shard 0 : Received READY
2021-10-23 18:30:14 | [INFO]    | Discordia 2.7.0
2021-10-23 18:30:14 | [INFO]    | Connecting to Discord...
2021-10-23 18:30:15 | [INFO]    | Authenticated as ⚡FiveM Leaks PL#6904
2021-10-23 18:30:15 | [INFO]    | Launching shard 0 (1 out of 1)...
2021-10-23 18:30:16 | [INFO]    | Shard 0 : Connected to wss://gateway.discord.gg
2021-10-23 18:30:16 | [INFO]    | Shard 0 : Received HELLO
2021-10-23 18:30:16 | [INFO]    | Shard 0 : Received READY
2021-10-23 18:30:51 | [INFO]    | Discordia 2.7.0
2021-10-23 18:30:51 | [INFO]    | Connecting to Discord...
2021-10-23 18:30:51 | [INFO]    | Authenticated as ⚡FiveM Leaks PL#6904
2021-10-23 18:30:51 | [INFO]    | Launching shard 0 (1 out of 1)...
2021-10-23 18:30:52 | [INFO]    | Shard 0 : Connected to wss://gateway.discord.gg
2021-10-23 18:30:52 | [INFO]    | Shard 0 : Received HELLO
2021-10-23 18:30:52 | [INFO]    | Shard 0 : Received READY
2021-10-23 18:34:10 | [INFO]    | Discordia 2.7.0
2021-10-23 18:34:10 | [INFO]    | Connecting to Discord...
2021-10-23 18:34:11 | [INFO]    | Authenticated as ⚡FiveM Leaks PL#6904
2021-10-23 18:34:11 | [INFO]    | Launching shard 0 (1 out of 1)...
2021-10-23 18:34:11 | [INFO]    | Shard 0 : Connected to wss://gateway.discord.gg
2021-10-23 18:34:11 | [INFO]    | Shard 0 : Received HELLO
2021-10-23 18:34:11 | [INFO]    | Shard 0 : Received READY
2021-10-23 18:36:03 | [INFO]    | Discordia 2.7.0
2021-10-23 18:36:03 | [INFO]    | Connecting to Discord...
2021-10-23 18:36:04 | [INFO]    | Authenticated as ⚡FiveM Leaks PL#6904
2021-10-23 18:36:04 | [INFO]    | Launching shard 0 (1 out of 1)...
2021-10-23 18:36:04 | [INFO]    | Shard 0 : Connected to wss://gateway.discord.gg
2021-10-23 18:36:04 | [INFO]    | Shard 0 : Received HELLO
2021-10-23 18:36:04 | [INFO]    | Shard 0 : Received READY
2021-10-23 18:39:18 | [INFO]    | Discordia 2.7.0
2021-10-23 18:39:18 | [INFO]    | Connecting to Discord...
2021-10-23 18:39:18 | [INFO]    | Authenticated as ⚡FiveM Leaks PL#6904
2021-10-23 18:39:18 | [INFO]    | Launching shard 0 (1 out of 1)...
2021-10-23 18:39:19 | [INFO]    | Shard 0 : Connected to wss://gateway.discord.gg
2021-10-23 18:39:19 | [INFO]    | Shard 0 : Received HELLO
2021-10-23 18:39:19 | [INFO]    | Shard 0 : Received READY
2021-10-23 18:51:49 | [INFO]    | Discordia 2.7.0
2021-10-23 18:51:49 | [INFO]    | Connecting to Discord...
2021-10-23 18:51:49 | [INFO]    | Authenticated as ⚡FiveM Leaks PL#6904
2021-10-23 18:51:49 | [INFO]    | Launching shard 0 (1 out of 1)...
2021-10-23 18:51:50 | [INFO]    | Shard 0 : Connected to wss://gateway.discord.gg
2021-10-23 18:51:50 | [INFO]    | Shard 0 : Received HELLO
2021-10-23 18:51:50 | [INFO]    | Shard 0 : Received READY
2021-10-23 18:53:08 | [INFO]    | Discordia 2.7.0
2021-10-23 18:53:08 | [INFO]    | Connecting to Discord...
2021-10-23 18:53:08 | [INFO]    | Authenticated as ⚡FiveM Leaks PL#6904
2021-10-23 18:53:08 | [INFO]    | Launching shard 0 (1 out of 1)...
2021-10-23 18:53:09 | [INFO]    | Shard 0 : Connected to wss://gateway.discord.gg
2021-10-23 18:53:09 | [INFO]    | Shard 0 : Received HELLO
2021-10-23 18:53:09 | [INFO]    | Shard 0 : Received READY
2021-10-23 18:56:12 | [INFO]    | Discordia 2.7.0
2021-10-23 18:56:12 | [INFO]    | Connecting to Discord...
2021-10-23 18:56:13 | [INFO]    | Authenticated as ⚡FiveM Leaks PL#6904
2021-10-23 18:56:13 | [INFO]    | Launching shard 0 (1 out of 1)...
2021-10-23 18:56:13 | [INFO]    | Shard 0 : Connected to wss://gateway.discord.gg
2021-10-23 18:56:13 | [INFO]    | Shard 0 : Received HELLO
2021-10-23 18:56:14 | [INFO]    | Shard 0 : Received READY
2021-10-23 19:11:33 | [INFO]    | Discordia 2.7.0
2021-10-23 19:11:33 | [INFO]    | Connecting to Discord...
2021-10-23 19:11:33 | [INFO]    | Authenticated as ⚡FiveM Leaks PL#6904
2021-10-23 19:11:34 | [INFO]    | Launching shard 0 (1 out of 1)...
2021-10-23 19:11:34 | [INFO]    | Shard 0 : Connected to wss://gateway.discord.gg
2021-10-23 19:11:34 | [INFO]    | Shard 0 : Received HELLO
2021-10-23 19:11:34 | [INFO]    | Shard 0 : Received READY
2021-10-23 19:14:45 | [INFO]    | Discordia 2.7.0
2021-10-23 19:14:45 | [INFO]    | Connecting to Discord...
2021-10-23 19:14:45 | [INFO]    | Authenticated as ⚡FiveM Leaks PL#6904
2021-10-23 19:14:45 | [INFO]    | Launching shard 0 (1 out of 1)...
2021-10-23 19:14:46 | [INFO]    | Shard 0 : Connected to wss://gateway.discord.gg
2021-10-23 19:14:46 | [INFO]    | Shard 0 : Received HELLO
2021-10-23 19:14:46 | [INFO]    | Shard 0 : Received READY
2021-10-23 19:25:21 | [INFO]    | Discordia 2.7.0
2021-10-23 19:25:21 | [INFO]    | Connecting to Discord...
2021-10-23 19:25:21 | [INFO]    | Authenticated as ⚡FiveM Leaks PL#6904
2021-10-23 19:25:21 | [INFO]    | Launching shard 0 (1 out of 1)...
2021-10-23 19:25:22 | [INFO]    | Shard 0 : Connected to wss://gateway.discord.gg
2021-10-23 19:25:22 | [INFO]    | Shard 0 : Received HELLO
2021-10-23 19:25:22 | [INFO]    | Shard 0 : Received READY
2021-10-23 19:27:31 | [INFO]    | Discordia 2.7.0
2021-10-23 19:27:31 | [INFO]    | Connecting to Discord...
2021-10-23 19:27:31 | [INFO]    | Authenticated as ⚡FiveM Leaks PL#6904
2021-10-23 19:27:31 | [INFO]    | Launching shard 0 (1 out of 1)...
2021-10-23 19:27:32 | [INFO]    | Shard 0 : Connected to wss://gateway.discord.gg
2021-10-23 19:27:32 | [INFO]    | Shard 0 : Received HELLO
2021-10-23 19:27:32 | [INFO]    | Shard 0 : Received READY
2021-10-23 19:29:32 | [INFO]    | Discordia 2.7.0
2021-10-23 19:29:32 | [INFO]    | Connecting to Discord...
2021-10-23 19:29:32 | [INFO]    | Authenticated as ⚡FiveM Leaks PL#6904
2021-10-23 19:29:32 | [INFO]    | Launching shard 0 (1 out of 1)...
2021-10-23 19:29:33 | [INFO]    | Shard 0 : Connected to wss://gateway.discord.gg
2021-10-23 19:29:33 | [INFO]    | Shard 0 : Received HELLO
2021-10-23 19:29:33 | [INFO]    | Shard 0 : Received READY
2021-10-23 19:42:35 | [INFO]    | Discordia 2.7.0
2021-10-23 19:42:35 | [INFO]    | Connecting to Discord...
2021-10-23 19:42:36 | [INFO]    | Authenticated as ⚡FiveM Leaks PL#6904
2021-10-23 19:42:36 | [INFO]    | Launching shard 0 (1 out of 1)...
2021-10-23 19:42:36 | [INFO]    | Shard 0 : Connected to wss://gateway.discord.gg
2021-10-23 19:42:36 | [INFO]    | Shard 0 : Received HELLO
2021-10-23 19:42:36 | [INFO]    | Shard 0 : Received READY
2021-10-23 19:44:35 | [INFO]    | Discordia 2.7.0
2021-10-23 19:44:35 | [INFO]    | Connecting to Discord...
2021-10-23 19:44:36 | [INFO]    | Authenticated as ⚡FiveM Leaks PL#6904
2021-10-23 19:44:36 | [INFO]    | Launching shard 0 (1 out of 1)...
2021-10-23 19:44:36 | [INFO]    | Shard 0 : Connected to wss://gateway.discord.gg
2021-10-23 19:44:36 | [INFO]    | Shard 0 : Received HELLO
2021-10-23 19:44:37 | [INFO]    | Shard 0 : Received READY
2021-10-23 19:47:04 | [INFO]    | Discordia 2.7.0
2021-10-23 19:47:04 | [INFO]    | Connecting to Discord...
2021-10-23 19:47:05 | [INFO]    | Authenticated as ⚡FiveM Leaks PL#6904
2021-10-23 19:47:05 | [INFO]    | Launching shard 0 (1 out of 1)...
2021-10-23 19:47:05 | [INFO]    | Shard 0 : Connected to wss://gateway.discord.gg
2021-10-23 19:47:05 | [INFO]    | Shard 0 : Received HELLO
2021-10-23 19:47:06 | [INFO]    | Shard 0 : Received READY
2021-10-24 09:46:39 | [INFO]    | Discordia 2.7.0
2021-10-24 09:46:39 | [INFO]    | Connecting to Discord...
2021-10-24 09:46:40 | [INFO]    | Authenticated as ⚡FiveM Leaks PL#6904
2021-10-24 09:46:41 | [INFO]    | Launching shard 0 (1 out of 1)...
2021-10-24 09:46:41 | [INFO]    | Shard 0 : Connected to wss://gateway.discord.gg
2021-10-24 09:46:41 | [INFO]    | Shard 0 : Received HELLO
2021-10-24 09:46:41 | [INFO]    | Shard 0 : Received READY
2021-10-24 09:46:50 | [ERROR]   | 400 - Bad Request : PUT https://discordapp.com/api/v7/guilds/900770337833222165/members/725083948123816017/roles/nil
2021-10-24 09:51:46 | [INFO]    | Discordia 2.7.0
2021-10-24 09:51:46 | [INFO]    | Connecting to Discord...
2021-10-24 09:51:47 | [INFO]    | Authenticated as ⚡FiveM Leaks PL#6904
2021-10-24 09:51:47 | [INFO]    | Launching shard 0 (1 out of 1)...
2021-10-24 09:51:47 | [INFO]    | Shard 0 : Connected to wss://gateway.discord.gg
2021-10-24 09:51:47 | [INFO]    | Shard 0 : Received HELLO
2021-10-24 09:51:48 | [INFO]    | Shard 0 : Received READY
2021-10-24 09:52:03 | [ERROR]   | 400 - Bad Request : PUT https://discordapp.com/api/v7/guilds/900770337833222165/members/726084820685291542/roles/nil
2021-10-24 10:06:40 | [INFO]    | Discordia 2.7.0
2021-10-24 10:06:40 | [INFO]    | Connecting to Discord...
2021-10-24 10:06:40 | [INFO]    | Authenticated as ⚡FiveM Leaks PL#6904
2021-10-24 10:06:40 | [INFO]    | Launching shard 0 (1 out of 1)...
2021-10-24 10:06:41 | [INFO]    | Shard 0 : Connected to wss://gateway.discord.gg
2021-10-24 10:06:41 | [INFO]    | Shard 0 : Received HELLO
2021-10-24 10:06:41 | [INFO]    | Shard 0 : Received READY
2021-10-24 10:08:01 | [WARNING] | Shard 0 : Unhandled gateway event: INTEGRATION_DELETE
2021-10-24 10:12:23 | [INFO]    | Discordia 2.7.0
2021-10-24 10:12:23 | [INFO]    | Connecting to Discord...
2021-10-24 10:12:23 | [INFO]    | Authenticated as ⚡FiveM Leaks PL#6904
2021-10-24 10:12:23 | [INFO]    | Launching shard 0 (1 out of 1)...
2021-10-24 10:12:24 | [INFO]    | Shard 0 : Connected to wss://gateway.discord.gg
2021-10-24 10:12:24 | [INFO]    | Shard 0 : Received HELLO
2021-10-24 10:12:24 | [INFO]    | Shard 0 : Received READY
2021-10-24 10:15:00 | [INFO]    | Discordia 2.7.0
2021-10-24 10:15:00 | [INFO]    | Connecting to Discord...
2021-10-24 10:15:00 | [INFO]    | Authenticated as ⚡FiveM Leaks PL#6904
2021-10-24 10:15:00 | [INFO]    | Launching shard 0 (1 out of 1)...
2021-10-24 10:15:01 | [INFO]    | Shard 0 : Connected to wss://gateway.discord.gg
2021-10-24 10:15:01 | [INFO]    | Shard 0 : Received HELLO
2021-10-24 10:15:01 | [INFO]    | Shard 0 : Received READY
2021-10-24 10:20:20 | [INFO]    | Discordia 2.7.0
2021-10-24 10:20:20 | [INFO]    | Connecting to Discord...
2021-10-24 10:20:21 | [INFO]    | Authenticated as ⚡FiveM Leaks PL#6904
2021-10-24 10:20:21 | [INFO]    | Launching shard 0 (1 out of 1)...
2021-10-24 10:20:21 | [INFO]    | Shard 0 : Connected to wss://gateway.discord.gg
2021-10-24 10:20:21 | [INFO]    | Shard 0 : Received HELLO
2021-10-24 10:20:22 | [INFO]    | Shard 0 : Received READY
2021-10-24 10:25:41 | [INFO]    | Discordia 2.7.0
2021-10-24 10:25:41 | [INFO]    | Connecting to Discord...
2021-10-24 10:25:42 | [INFO]    | Authenticated as ⚡FiveM Leaks PL#6904
2021-10-24 10:25:42 | [INFO]    | Launching shard 0 (1 out of 1)...
2021-10-24 10:25:42 | [INFO]    | Shard 0 : Connected to wss://gateway.discord.gg
2021-10-24 10:25:42 | [INFO]    | Shard 0 : Received HELLO
2021-10-24 10:25:42 | [INFO]    | Shard 0 : Received READY
2021-10-24 10:26:10 | [ERROR]   | 400 - Bad Request : PUT https://discordapp.com/api/v7/guilds/900770337833222165/members/725083948123816017/roles/nil
2021-10-24 10:29:15 | [INFO]    | Discordia 2.7.0
2021-10-24 10:29:15 | [INFO]    | Connecting to Discord...
2021-10-24 10:29:16 | [INFO]    | Authenticated as ⚡FiveM Leaks PL#6904
2021-10-24 10:29:16 | [INFO]    | Launching shard 0 (1 out of 1)...
2021-10-24 10:29:17 | [INFO]    | Shard 0 : Connected to wss://gateway.discord.gg
2021-10-24 10:29:17 | [INFO]    | Shard 0 : Received HELLO
2021-10-24 10:29:17 | [INFO]    | Shard 0 : Received READY
2021-10-24 10:33:30 | [INFO]    | Discordia 2.7.0
2021-10-24 10:33:30 | [INFO]    | Connecting to Discord...
2021-10-24 10:33:30 | [INFO]    | Authenticated as ⚡FiveM Leaks PL#6904
2021-10-24 10:33:30 | [INFO]    | Launching shard 0 (1 out of 1)...
2021-10-24 10:33:31 | [INFO]    | Shard 0 : Connected to wss://gateway.discord.gg
2021-10-24 10:33:31 | [INFO]    | Shard 0 : Received HELLO
2021-10-24 10:33:31 | [INFO]    | Shard 0 : Received READY
2021-10-24 10:33:55 | [ERROR]   | 400 - Bad Request : PUT https://discordapp.com/api/v7/guilds/900770337833222165/members/760476037556469760/roles/nil
2021-10-24 10:34:34 | [INFO]    | Discordia 2.7.0
2021-10-24 10:34:34 | [INFO]    | Connecting to Discord...
2021-10-24 10:34:34 | [INFO]    | Authenticated as ⚡FiveM Leaks PL#6904
2021-10-24 10:34:34 | [INFO]    | Launching shard 0 (1 out of 1)...
2021-10-24 10:34:35 | [INFO]    | Shard 0 : Connected to wss://gateway.discord.gg
2021-10-24 10:34:35 | [INFO]    | Shard 0 : Received HELLO
2021-10-24 10:34:35 | [INFO]    | Shard 0 : Received READY
2021-10-24 10:35:30 | [ERROR]   | 400 - Bad Request : PUT https://discordapp.com/api/v7/guilds/896154169050800138/members/792799718220627988/roles/nil
2021-10-24 10:35:37 | [WARNING] | Shard 0 : Unhandled gateway event: INTEGRATION_DELETE
2021-10-24 10:35:46 | [ERROR]   | 400 - Bad Request : GET https://discordapp.com/api/v7/channels/896154169390563398/messages?limit=all%0A
2021-10-24 10:35:46 | [ERROR]   | 400 - Bad Request : POST https://discordapp.com/api/v7/channels/896154169390563398/messages/bulk-delete
2021-10-24 10:36:23 | [ERROR]   | 400 - Bad Request : GET https://discordapp.com/api/v7/channels/896154169390563398/messages?limit=500%0A
2021-10-24 10:36:24 | [ERROR]   | 400 - Bad Request : POST https://discordapp.com/api/v7/channels/896154169390563398/messages/bulk-delete
2021-10-24 10:37:09 | [ERROR]   | 400 - Bad Request : PUT https://discordapp.com/api/v7/guilds/900770337833222165/members/849944487341326337/roles/nil
2021-10-24 10:37:19 | [ERROR]   | 400 - Bad Request : PUT https://discordapp.com/api/v7/guilds/900770337833222165/members/849944487341326337/roles/nil
2021-10-24 10:52:40 | [INFO]    | Discordia 2.7.0
2021-10-24 10:52:40 | [INFO]    | Connecting to Discord...
2021-10-24 10:52:40 | [INFO]    | Authenticated as ⚡FiveM Leaks PL#6904
2021-10-24 10:52:41 | [INFO]    | Launching shard 0 (1 out of 1)...
2021-10-24 10:52:42 | [INFO]    | Shard 0 : Connected to wss://gateway.discord.gg
2021-10-24 10:52:42 | [INFO]    | Shard 0 : Received HELLO
2021-10-24 10:52:42 | [INFO]    | Shard 0 : Received READY
2021-10-24 11:09:52 | [INFO]    | Discordia 2.7.0
2021-10-24 11:09:52 | [INFO]    | Connecting to Discord...
2021-10-24 11:09:52 | [INFO]    | Authenticated as ⚡FiveM Leaks PL#6904
2021-10-24 11:09:52 | [INFO]    | Launching shard 0 (1 out of 1)...
2021-10-24 11:09:53 | [INFO]    | Shard 0 : Connected to wss://gateway.discord.gg
2021-10-24 11:09:53 | [INFO]    | Shard 0 : Received HELLO
2021-10-24 11:09:53 | [INFO]    | Shard 0 : Received READY
2021-10-24 11:14:45 | [INFO]    | Discordia 2.7.0
2021-10-24 11:14:45 | [INFO]    | Connecting to Discord...
2021-10-24 11:14:47 | [INFO]    | Authenticated as ⚡FiveM Leaks PL#6904
2021-10-24 11:14:47 | [INFO]    | Launching shard 0 (1 out of 1)...
2021-10-24 11:14:47 | [INFO]    | Shard 0 : Connected to wss://gateway.discord.gg
2021-10-24 11:14:48 | [INFO]    | Shard 0 : Received HELLO
2021-10-24 11:14:48 | [INFO]    | Shard 0 : Received READY
2021-10-24 11:26:24 | [INFO]    | Discordia 2.7.0
2021-10-24 11:26:24 | [INFO]    | Connecting to Discord...
2021-10-24 11:26:24 | [INFO]    | Authenticated as ⚡FiveM Leaks PL#6904
2021-10-24 11:26:24 | [INFO]    | Launching shard 0 (1 out of 1)...
2021-10-24 11:26:25 | [INFO]    | Shard 0 : Connected to wss://gateway.discord.gg
2021-10-24 11:26:25 | [INFO]    | Shard 0 : Received HELLO
2021-10-24 11:26:25 | [INFO]    | Shard 0 : Received READY
2021-10-24 11:43:58 | [INFO]    | Discordia 2.7.0
2021-10-24 11:43:58 | [INFO]    | Connecting to Discord...
2021-10-24 11:43:59 | [INFO]    | Authenticated as ⚡FiveM Leaks PL#6904
2021-10-24 11:43:59 | [INFO]    | Launching shard 0 (1 out of 1)...
2021-10-24 11:43:59 | [INFO]    | Shard 0 : Connected to wss://gateway.discord.gg
2021-10-24 11:43:59 | [INFO]    | Shard 0 : Received HELLO
2021-10-24 11:43:59 | [INFO]    | Shard 0 : Received READY
2021-10-24 11:45:08 | [INFO]    | Discordia 2.7.0
2021-10-24 11:45:08 | [INFO]    | Connecting to Discord...
2021-10-24 11:45:08 | [INFO]    | Authenticated as ⚡FiveM Leaks PL#6904
2021-10-24 11:45:08 | [INFO]    | Launching shard 0 (1 out of 1)...
2021-10-24 11:45:09 | [INFO]    | Shard 0 : Connected to wss://gateway.discord.gg
2021-10-24 11:45:09 | [INFO]    | Shard 0 : Received HELLO
2021-10-24 11:45:09 | [INFO]    | Shard 0 : Received READY
2021-10-24 12:02:57 | [INFO]    | Discordia 2.7.0
2021-10-24 12:02:57 | [INFO]    | Connecting to Discord...
2021-10-24 12:02:58 | [INFO]    | Authenticated as ⚡FiveM Leaks PL#6904
2021-10-24 12:02:58 | [INFO]    | Launching shard 0 (1 out of 1)...
2021-10-24 12:02:59 | [INFO]    | Shard 0 : Connected to wss://gateway.discord.gg
2021-10-24 12:02:59 | [INFO]    | Shard 0 : Received HELLO
2021-10-24 12:02:59 | [INFO]    | Shard 0 : Received READY
2021-10-24 12:09:30 | [INFO]    | Discordia 2.7.0
2021-10-24 12:09:30 | [INFO]    | Connecting to Discord...
2021-10-24 12:09:31 | [INFO]    | Authenticated as ⚡FiveM Leaks PL#6904
2021-10-24 12:09:31 | [INFO]    | Launching shard 0 (1 out of 1)...
2021-10-24 12:09:31 | [INFO]    | Shard 0 : Connected to wss://gateway.discord.gg
2021-10-24 12:09:31 | [INFO]    | Shard 0 : Received HELLO
2021-10-24 12:09:32 | [INFO]    | Shard 0 : Received READY
2021-10-24 12:14:26 | [INFO]    | Discordia 2.7.0
2021-10-24 12:14:26 | [INFO]    | Connecting to Discord...
2021-10-24 12:14:26 | [INFO]    | Authenticated as ⚡FiveM Leaks PL#6904
2021-10-24 12:14:26 | [INFO]    | Launching shard 0 (1 out of 1)...
2021-10-24 12:14:26 | [INFO]    | Shard 0 : Connected to wss://gateway.discord.gg
2021-10-24 12:14:26 | [INFO]    | Shard 0 : Received HELLO
2021-10-24 12:14:27 | [INFO]    | Shard 0 : Received READY
2021-10-24 12:15:42 | [INFO]    | Discordia 2.7.0
2021-10-24 12:15:42 | [INFO]    | Connecting to Discord...
2021-10-24 12:15:42 | [INFO]    | Authenticated as ⚡FiveM Leaks PL#6904
2021-10-24 12:15:42 | [INFO]    | Launching shard 0 (1 out of 1)...
2021-10-24 12:15:42 | [INFO]    | Shard 0 : Connected to wss://gateway.discord.gg
2021-10-24 12:15:42 | [INFO]    | Shard 0 : Received HELLO
2021-10-24 12:15:43 | [INFO]    | Shard 0 : Received READY
2021-10-24 12:16:36 | [INFO]    | Discordia 2.7.0
2021-10-24 12:16:36 | [INFO]    | Connecting to Discord...
2021-10-24 12:16:36 | [INFO]    | Authenticated as ⚡FiveM Leaks PL#6904
2021-10-24 12:16:36 | [INFO]    | Launching shard 0 (1 out of 1)...
2021-10-24 12:16:36 | [INFO]    | Shard 0 : Connected to wss://gateway.discord.gg
2021-10-24 12:16:36 | [INFO]    | Shard 0 : Received HELLO
2021-10-24 12:16:37 | [INFO]    | Shard 0 : Received READY
2021-10-24 12:17:51 | [ERROR]   | 400 - Bad Request : PUT https://discordapp.com/api/v7/guilds/896154169050800138/members/725083948123816017/roles/nil
2021-10-24 12:17:55 | [ERROR]   | 400 - Bad Request : PUT https://discordapp.com/api/v7/guilds/896154169050800138/members/725083948123816017/roles/nil
2021-10-24 12:18:00 | [ERROR]   | 400 - Bad Request : PUT https://discordapp.com/api/v7/guilds/896154169050800138/members/725083948123816017/roles/nil
2021-10-24 12:18:01 | [ERROR]   | 400 - Bad Request : GET https://discordapp.com/api/v7/users/nil
2021-10-24 12:18:01 | [ERROR]   | 400 - Bad Request : GET https://discordapp.com/api/v7/guilds/896154169050800138/members/nil
2021-10-24 12:18:09 | [ERROR]   | 400 - Bad Request : PUT https://discordapp.com/api/v7/guilds/896154169050800138/members/726084820685291542/roles/nil
2021-10-24 12:27:25 | [INFO]    | Discordia 2.7.0
2021-10-24 12:27:25 | [INFO]    | Connecting to Discord...
2021-10-24 12:27:26 | [INFO]    | Authenticated as ⚡FiveM Leaks PL#6904
2021-10-24 12:27:26 | [INFO]    | Launching shard 0 (1 out of 1)...
2021-10-24 12:27:26 | [INFO]    | Shard 0 : Connected to wss://gateway.discord.gg
2021-10-24 12:27:26 | [INFO]    | Shard 0 : Received HELLO
2021-10-24 12:27:26 | [INFO]    | Shard 0 : Received READY
2021-10-24 13:44:17 | [INFO]    | Discordia 2.7.0
2021-10-24 13:44:17 | [INFO]    | Connecting to Discord...
2021-10-24 13:44:18 | [INFO]    | Authenticated as ⚡FiveM Leaks PL#6904
2021-10-24 13:44:18 | [INFO]    | Launching shard 0 (1 out of 1)...
2021-10-24 13:44:20 | [INFO]    | Shard 0 : Connected to wss://gateway.discord.gg
2021-10-24 13:44:20 | [INFO]    | Shard 0 : Received HELLO
2021-10-24 13:44:20 | [INFO]    | Shard 0 : Received READY
2021-10-24 14:24:52 | [INFO]    | Discordia 2.7.0
2021-10-24 14:24:52 | [INFO]    | Connecting to Discord...
2021-10-24 14:24:52 | [INFO]    | Authenticated as ⚡FiveM Leaks PL#6904
2021-10-24 14:24:52 | [INFO]    | Launching shard 0 (1 out of 1)...
2021-10-24 14:24:52 | [INFO]    | Shard 0 : Connected to wss://gateway.discord.gg
2021-10-24 14:24:52 | [INFO]    | Shard 0 : Received HELLO
2021-10-24 14:24:53 | [INFO]    | Shard 0 : Received READY
2021-10-24 14:31:32 | [INFO]    | Discordia 2.7.0
2021-10-24 14:31:32 | [INFO]    | Connecting to Discord...
2021-10-24 14:31:32 | [INFO]    | Authenticated as ⚡FiveM Leaks PL#6904
2021-10-24 14:31:32 | [INFO]    | Launching shard 0 (1 out of 1)...
2021-10-24 14:31:32 | [INFO]    | Shard 0 : Connected to wss://gateway.discord.gg
2021-10-24 14:31:32 | [INFO]    | Shard 0 : Received HELLO
2021-10-24 14:31:33 | [INFO]    | Shard 0 : Received READY
2021-10-24 15:12:58 | [INFO]    | Discordia 2.7.0
2021-10-24 15:12:58 | [INFO]    | Connecting to Discord...
2021-10-24 15:12:58 | [INFO]    | Authenticated as ⚡FiveM Leaks PL#6904
2021-10-24 15:12:59 | [INFO]    | Launching shard 0 (1 out of 1)...
2021-10-24 15:12:59 | [INFO]    | Shard 0 : Connected to wss://gateway.discord.gg
2021-10-24 15:12:59 | [INFO]    | Shard 0 : Received HELLO
2021-10-24 15:13:00 | [INFO]    | Shard 0 : Received READY
2021-10-24 15:13:07 | [INFO]    | Discordia 2.7.0
2021-10-24 15:13:07 | [INFO]    | Connecting to Discord...
2021-10-24 15:13:08 | [INFO]    | Authenticated as ⚡FiveM Leaks PL#6904
2021-10-24 15:13:08 | [INFO]    | Launching shard 0 (1 out of 1)...
2021-10-24 15:13:09 | [INFO]    | Shard 0 : Connected to wss://gateway.discord.gg
2021-10-24 15:13:09 | [INFO]    | Shard 0 : Received HELLO
2021-10-24 15:13:10 | [INFO]    | Shard 0 : Received READY
2021-10-24 15:13:54 | [INFO]    | Discordia 2.7.0
2021-10-24 15:13:54 | [INFO]    | Connecting to Discord...
2021-10-24 15:13:54 | [INFO]    | Authenticated as ⚡FiveM Leaks PL#6904
2021-10-24 15:13:54 | [INFO]    | Launching shard 0 (1 out of 1)...
2021-10-24 15:13:54 | [INFO]    | Shard 0 : Connected to wss://gateway.discord.gg
2021-10-24 15:13:54 | [INFO]    | Shard 0 : Received HELLO
2021-10-24 15:13:55 | [INFO]    | Shard 0 : Received READY
2021-10-24 15:33:04 | [INFO]    | Discordia 2.7.0
2021-10-24 15:33:04 | [INFO]    | Connecting to Discord...
2021-10-24 15:33:04 | [INFO]    | Authenticated as ⚡FiveM Leaks PL#6904
2021-10-24 15:33:04 | [INFO]    | Launching shard 0 (1 out of 1)...
2021-10-24 15:33:05 | [INFO]    | Shard 0 : Connected to wss://gateway.discord.gg
2021-10-24 15:33:05 | [INFO]    | Shard 0 : Received HELLO
2021-10-24 15:33:05 | [INFO]    | Shard 0 : Received READY
2021-10-24 15:37:18 | [INFO]    | Discordia 2.7.0
2021-10-24 15:37:18 | [INFO]    | Connecting to Discord...
2021-10-24 15:37:18 | [INFO]    | Authenticated as ⚡FiveM Leaks PL#6904
2021-10-24 15:37:18 | [INFO]    | Launching shard 0 (1 out of 1)...
2021-10-24 15:37:18 | [INFO]    | Shard 0 : Connected to wss://gateway.discord.gg
2021-10-24 15:37:19 | [INFO]    | Shard 0 : Received HELLO
2021-10-24 15:37:19 | [INFO]    | Shard 0 : Received READY
2021-10-24 15:37:24 | [ERROR]   | 400 - Bad Request : POST https://discordapp.com/api/v7/channels/896154169172455443/messages
2021-10-24 15:37:32 | [INFO]    | Discordia 2.7.0
2021-10-24 15:37:32 | [INFO]    | Connecting to Discord...
2021-10-24 15:37:33 | [INFO]    | Authenticated as ⚡FiveM Leaks PL#6904
2021-10-24 15:37:33 | [INFO]    | Launching shard 0 (1 out of 1)...
2021-10-24 15:37:33 | [INFO]    | Shard 0 : Connected to wss://gateway.discord.gg
2021-10-24 15:37:33 | [INFO]    | Shard 0 : Received HELLO
2021-10-24 15:37:33 | [INFO]    | Shard 0 : Received READY
2021-10-24 15:37:38 | [ERROR]   | 400 - Bad Request : POST https://discordapp.com/api/v7/channels/896154169172455443/messages
2021-10-24 15:37:46 | [INFO]    | Discordia 2.7.0
2021-10-24 15:37:46 | [INFO]    | Connecting to Discord...
2021-10-24 15:37:46 | [INFO]    | Authenticated as ⚡FiveM Leaks PL#6904
2021-10-24 15:37:46 | [INFO]    | Launching shard 0 (1 out of 1)...
2021-10-24 15:37:47 | [INFO]    | Shard 0 : Connected to wss://gateway.discord.gg
2021-10-24 15:37:47 | [INFO]    | Shard 0 : Received HELLO
2021-10-24 15:37:47 | [INFO]    | Shard 0 : Received READY
2021-10-24 15:37:50 | [ERROR]   | 400 - Bad Request : POST https://discordapp.com/api/v7/channels/896154169172455443/messages
2021-10-24 15:45:17 | [INFO]    | Discordia 2.7.0
2021-10-24 15:45:17 | [INFO]    | Connecting to Discord...
2021-10-24 15:45:18 | [INFO]    | Authenticated as ⚡FiveM Leaks PL#6904
2021-10-24 15:45:18 | [INFO]    | Launching shard 0 (1 out of 1)...
2021-10-24 15:45:19 | [INFO]    | Shard 0 : Connected to wss://gateway.discord.gg
2021-10-24 15:45:19 | [INFO]    | Shard 0 : Received HELLO
2021-10-24 15:45:20 | [INFO]    | Shard 0 : Received READY
2021-10-24 15:46:58 | [INFO]    | Discordia 2.7.0
2021-10-24 15:46:58 | [INFO]    | Connecting to Discord...
2021-10-24 15:46:58 | [INFO]    | Authenticated as ⚡FiveM Leaks PL#6904
2021-10-24 15:46:58 | [INFO]    | Launching shard 0 (1 out of 1)...
2021-10-24 15:46:59 | [INFO]    | Shard 0 : Connected to wss://gateway.discord.gg
2021-10-24 15:46:59 | [INFO]    | Shard 0 : Received HELLO
2021-10-24 15:46:59 | [INFO]    | Shard 0 : Received READY
2021-10-24 15:49:58 | [INFO]    | Discordia 2.7.0
2021-10-24 15:49:58 | [INFO]    | Connecting to Discord...
2021-10-24 15:49:59 | [INFO]    | Authenticated as ⚡FiveM Leaks PL#6904
2021-10-24 15:49:59 | [INFO]    | Launching shard 0 (1 out of 1)...
2021-10-24 15:49:59 | [INFO]    | Shard 0 : Connected to wss://gateway.discord.gg
2021-10-24 15:49:59 | [INFO]    | Shard 0 : Received HELLO
2021-10-24 15:49:59 | [INFO]    | Shard 0 : Received READY
2021-10-24 15:50:30 | [INFO]    | Discordia 2.7.0
2021-10-24 15:50:30 | [INFO]    | Connecting to Discord...
2021-10-24 15:50:30 | [INFO]    | Authenticated as ⚡FiveM Leaks PL#6904
2021-10-24 15:50:30 | [INFO]    | Launching shard 0 (1 out of 1)...
2021-10-24 15:50:30 | [INFO]    | Shard 0 : Connected to wss://gateway.discord.gg
2021-10-24 15:50:30 | [INFO]    | Shard 0 : Received HELLO
2021-10-24 15:50:31 | [INFO]    | Shard 0 : Received READY
2021-10-24 15:51:51 | [INFO]    | Discordia 2.7.0
2021-10-24 15:51:51 | [INFO]    | Connecting to Discord...
2021-10-24 15:51:51 | [INFO]    | Authenticated as ⚡FiveM Leaks PL#6904
2021-10-24 15:51:51 | [INFO]    | Launching shard 0 (1 out of 1)...
2021-10-24 15:51:52 | [INFO]    | Shard 0 : Connected to wss://gateway.discord.gg
2021-10-24 15:51:52 | [INFO]    | Shard 0 : Received HELLO
2021-10-24 15:51:53 | [INFO]    | Shard 0 : Received READY
2021-10-24 15:53:39 | [INFO]    | Discordia 2.7.0
2021-10-24 15:53:39 | [INFO]    | Connecting to Discord...
2021-10-24 15:53:40 | [INFO]    | Authenticated as ⚡FiveM Leaks PL#6904
2021-10-24 15:53:40 | [INFO]    | Launching shard 0 (1 out of 1)...
2021-10-24 15:53:40 | [INFO]    | Shard 0 : Connected to wss://gateway.discord.gg
2021-10-24 15:53:40 | [INFO]    | Shard 0 : Received HELLO
2021-10-24 15:53:40 | [INFO]    | Shard 0 : Received READY
2021-10-24 15:53:45 | [ERROR]   | 400 - Bad Request : POST https://discordapp.com/api/v7/channels/900779794290081862/messages
2021-10-24 15:54:29 | [INFO]    | Discordia 2.7.0
2021-10-24 15:54:29 | [INFO]    | Connecting to Discord...
2021-10-24 15:54:30 | [INFO]    | Authenticated as ⚡FiveM Leaks PL#6904
2021-10-24 15:54:30 | [INFO]    | Launching shard 0 (1 out of 1)...
2021-10-24 15:54:30 | [INFO]    | Shard 0 : Connected to wss://gateway.discord.gg
2021-10-24 15:54:30 | [INFO]    | Shard 0 : Received HELLO
2021-10-24 15:54:30 | [INFO]    | Shard 0 : Received READY
2021-10-24 15:55:06 | [INFO]    | Discordia 2.7.0
2021-10-24 15:55:06 | [INFO]    | Connecting to Discord...
2021-10-24 15:55:06 | [INFO]    | Authenticated as ⚡FiveM Leaks PL#6904
2021-10-24 15:55:06 | [INFO]    | Launching shard 0 (1 out of 1)...
2021-10-24 15:55:07 | [INFO]    | Shard 0 : Connected to wss://gateway.discord.gg
2021-10-24 15:55:07 | [INFO]    | Shard 0 : Received HELLO
2021-10-24 15:55:07 | [INFO]    | Shard 0 : Received READY
2021-10-24 16:12:54 | [INFO]    | Discordia 2.7.0
2021-10-24 16:12:54 | [INFO]    | Connecting to Discord...
2021-10-24 16:12:55 | [INFO]    | Authenticated as ⚡FiveM Leaks PL#6904
2021-10-24 16:12:55 | [INFO]    | Launching shard 0 (1 out of 1)...
2021-10-24 16:12:55 | [INFO]    | Shard 0 : Connected to wss://gateway.discord.gg
2021-10-24 16:12:55 | [INFO]    | Shard 0 : Received HELLO
2021-10-24 16:12:55 | [INFO]    | Shard 0 : Received READY
2021-10-24 16:13:13 | [ERROR]   | 403 - Forbidden : POST https://discordapp.com/api/v7/channels/901835729079001108/messages
2021-10-24 16:13:14 | [ERROR]   | 403 - Forbidden : PUT https://discordapp.com/api/v7/guilds/896154169050800138/bans/678971608764907554
2021-10-24 16:15:35 | [INFO]    | Discordia 2.7.0
2021-10-24 16:15:35 | [INFO]    | Connecting to Discord...
2021-10-24 16:15:35 | [INFO]    | Authenticated as ⚡FiveM Leaks PL#6904
2021-10-24 16:15:36 | [INFO]    | Launching shard 0 (1 out of 1)...
2021-10-24 16:15:36 | [INFO]    | Shard 0 : Connected to wss://gateway.discord.gg
2021-10-24 16:15:36 | [INFO]    | Shard 0 : Received HELLO
2021-10-24 16:15:36 | [INFO]    | Shard 0 : Received READY
2021-10-24 16:15:46 | [ERROR]   | 403 - Forbidden : POST https://discordapp.com/api/v7/channels/901835729079001108/messages
2021-10-24 16:15:46 | [ERROR]   | 403 - Forbidden : PUT https://discordapp.com/api/v7/guilds/896154169050800138/bans/678971608764907554
2021-10-24 16:33:23 | [INFO]    | Discordia 2.7.0
2021-10-24 16:33:23 | [INFO]    | Connecting to Discord...
2021-10-24 16:33:23 | [INFO]    | Authenticated as ⚡FiveM Leaks PL#6904
2021-10-24 16:33:23 | [INFO]    | Launching shard 0 (1 out of 1)...
2021-10-24 16:33:23 | [INFO]    | Shard 0 : Connected to wss://gateway.discord.gg
2021-10-24 16:33:23 | [INFO]    | Shard 0 : Received HELLO
2021-10-24 16:33:24 | [INFO]    | Shard 0 : Received READY
2021-10-24 16:36:13 | [INFO]    | Discordia 2.7.0
2021-10-24 16:36:13 | [INFO]    | Connecting to Discord...
2021-10-24 16:36:13 | [INFO]    | Authenticated as ⚡FiveM Leaks PL#6904
2021-10-24 16:36:13 | [INFO]    | Launching shard 0 (1 out of 1)...
2021-10-24 16:36:14 | [INFO]    | Shard 0 : Connected to wss://gateway.discord.gg
2021-10-24 16:36:14 | [INFO]    | Shard 0 : Received HELLO
2021-10-24 16:36:14 | [INFO]    | Shard 0 : Received READY
2021-10-24 16:40:41 | [INFO]    | Discordia 2.7.0
2021-10-24 16:40:41 | [INFO]    | Connecting to Discord...
2021-10-24 16:40:42 | [INFO]    | Authenticated as ⚡FiveM Leaks PL#6904
2021-10-24 16:40:42 | [INFO]    | Launching shard 0 (1 out of 1)...
2021-10-24 16:40:42 | [INFO]    | Shard 0 : Connected to wss://gateway.discord.gg
2021-10-24 16:40:42 | [INFO]    | Shard 0 : Received HELLO
2021-10-24 16:40:43 | [INFO]    | Shard 0 : Received READY
2021-10-24 16:41:27 | [ERROR]   | 403 - Forbidden : PUT https://discordapp.com/api/v7/guilds/896154169050800138/bans/725083948123816017
2021-10-24 16:41:42 | [ERROR]   | 403 - Forbidden : PUT https://discordapp.com/api/v7/guilds/896154169050800138/bans/726084820685291542
2021-10-24 16:42:19 | [ERROR]   | 403 - Forbidden : PUT https://discordapp.com/api/v7/guilds/896056608566693968/bans/825452415888392203
2021-10-24 16:43:08 | [WARNING] | Shard 0 : Unhandled gateway event: INVITE_CREATE
2021-10-25 13:42:16 | [INFO]    | Discordia 2.7.0
2021-10-25 13:42:16 | [INFO]    | Connecting to Discord...
2021-10-25 13:42:17 | [INFO]    | Authenticated as ⚡FiveM Leaks PL#6904
2021-10-25 13:42:17 | [INFO]    | Launching shard 0 (1 out of 1)...
2021-10-25 13:42:18 | [INFO]    | Shard 0 : Connected to wss://gateway.discord.gg
2021-10-25 13:42:18 | [INFO]    | Shard 0 : Received HELLO
2021-10-25 13:42:18 | [INFO]    | Shard 0 : Received READY
2021-10-25 14:05:18 | [INFO]    | Discordia 2.7.0
2021-10-25 14:05:18 | [INFO]    | Connecting to Discord...
2021-10-25 14:05:18 | [INFO]    | Authenticated as ⚡FiveM Leaks PL#6904
2021-10-25 14:05:18 | [INFO]    | Launching shard 0 (1 out of 1)...
2021-10-25 14:05:19 | [INFO]    | Shard 0 : Connected to wss://gateway.discord.gg
2021-10-25 14:05:19 | [INFO]    | Shard 0 : Received HELLO
2021-10-25 14:05:19 | [INFO]    | Shard 0 : Received READY
2021-10-25 14:06:40 | [INFO]    | Discordia 2.7.0
2021-10-25 14:06:40 | [INFO]    | Connecting to Discord...
2021-10-25 14:06:40 | [INFO]    | Authenticated as ⚡FiveM Leaks PL#6904
2021-10-25 14:06:41 | [INFO]    | Launching shard 0 (1 out of 1)...
2021-10-25 14:06:41 | [INFO]    | Shard 0 : Connected to wss://gateway.discord.gg
2021-10-25 14:06:41 | [INFO]    | Shard 0 : Received HELLO
2021-10-25 14:06:41 | [INFO]    | Shard 0 : Received READY
2021-10-25 14:12:48 | [INFO]    | Discordia 2.7.0
2021-10-25 14:12:48 | [INFO]    | Connecting to Discord...
2021-10-25 14:12:48 | [INFO]    | Authenticated as ⚡FiveM Leaks PL#6904
2021-10-25 14:12:48 | [INFO]    | Launching shard 0 (1 out of 1)...
2021-10-25 14:12:49 | [INFO]    | Shard 0 : Connected to wss://gateway.discord.gg
2021-10-25 14:12:49 | [INFO]    | Shard 0 : Received HELLO
2021-10-25 14:12:49 | [INFO]    | Shard 0 : Received READY
2021-10-25 14:12:55 | [INFO]    | Voice : Connected to wss://eu-central4799.discord.media
2021-10-25 14:12:55 | [INFO]    | Voice : Received HELLO
2021-10-25 14:12:55 | [INFO]    | Voice : Received READY
2021-10-25 14:13:24 | [WARNING] | Voice : 4014 - Disconnected.
2021-10-25 14:13:24 | [INFO]    | Voice : Disconnected
2021-10-25 14:13:29 | [INFO]    | Voice : Connected to wss://eu-central4799.discord.media
2021-10-25 14:13:29 | [INFO]    | Voice : Received HELLO
2021-10-25 14:13:29 | [INFO]    | Voice : Received READY
2021-10-25 14:14:20 | [INFO]    | Discordia 2.7.0
2021-10-25 14:14:20 | [INFO]    | Connecting to Discord...
2021-10-25 14:14:21 | [INFO]    | Authenticated as ⚡FiveM Leaks PL#6904
2021-10-25 14:14:21 | [INFO]    | Launching shard 0 (1 out of 1)...
2021-10-25 14:14:21 | [INFO]    | Shard 0 : Connected to wss://gateway.discord.gg
2021-10-25 14:14:21 | [INFO]    | Shard 0 : Received HELLO
2021-10-25 14:14:21 | [INFO]    | Shard 0 : Received READY
2021-10-25 14:14:32 | [INFO]    | Voice : Connected to wss://eu-central4799.discord.media
2021-10-25 14:14:32 | [INFO]    | Voice : Received HELLO
2021-10-25 14:14:32 | [INFO]    | Voice : Received READY
2021-10-25 14:15:52 | [WARNING] | Voice : Unhandled WebSocket payload OP 14
2021-10-25 14:16:17 | [WARNING] | Voice : Unhandled WebSocket payload OP 14
2021-10-25 14:18:23 | [INFO]    | Discordia 2.7.0
2021-10-25 14:18:23 | [INFO]    | Connecting to Discord...
2021-10-25 14:18:23 | [INFO]    | Authenticated as ⚡FiveM Leaks PL#6904
2021-10-25 14:18:23 | [INFO]    | Launching shard 0 (1 out of 1)...
2021-10-25 14:18:24 | [INFO]    | Shard 0 : Connected to wss://gateway.discord.gg
2021-10-25 14:18:24 | [INFO]    | Shard 0 : Received HELLO
2021-10-25 14:18:24 | [INFO]    | Shard 0 : Received READY
2021-10-25 14:18:35 | [INFO]    | Voice : Connected to wss://eu-central1414.discord.media
2021-10-25 14:18:35 | [INFO]    | Voice : Received HELLO
2021-10-25 14:18:35 | [INFO]    | Voice : Received READY
2021-10-25 14:18:39 | [WARNING] | Voice : 4014 - Disconnected.
2021-10-25 14:18:39 | [INFO]    | Voice : Disconnected
2021-10-25 14:19:02 | [INFO]    | Voice : Connected to wss://eu-central4799.discord.media
2021-10-25 14:19:02 | [INFO]    | Voice : Received HELLO
2021-10-25 14:19:02 | [INFO]    | Voice : Received READY
2021-10-25 14:20:44 | [INFO]    | Discordia 2.7.0
2021-10-25 14:20:44 | [INFO]    | Connecting to Discord...
2021-10-25 14:20:45 | [INFO]    | Authenticated as ⚡FiveM Leaks PL#6904
2021-10-25 14:20:45 | [INFO]    | Launching shard 0 (1 out of 1)...
2021-10-25 14:20:45 | [INFO]    | Shard 0 : Connected to wss://gateway.discord.gg
2021-10-25 14:20:45 | [INFO]    | Shard 0 : Received HELLO
2021-10-25 14:20:45 | [INFO]    | Shard 0 : Received READY
2021-10-25 14:24:45 | [INFO]    | Discordia 2.7.0
2021-10-25 14:24:45 | [INFO]    | Connecting to Discord...
2021-10-25 14:24:46 | [INFO]    | Authenticated as ⚡FiveM Leaks PL#6904
2021-10-25 14:24:46 | [INFO]    | Launching shard 0 (1 out of 1)...
2021-10-25 14:24:46 | [INFO]    | Shard 0 : Connected to wss://gateway.discord.gg
2021-10-25 14:24:46 | [INFO]    | Shard 0 : Received HELLO
2021-10-25 14:24:47 | [INFO]    | Shard 0 : Received READY
2021-10-25 14:25:34 | [INFO]    | Discordia 2.7.0
2021-10-25 14:25:34 | [INFO]    | Connecting to Discord...
2021-10-25 14:25:34 | [INFO]    | Authenticated as ⚡FiveM Leaks PL#6904
2021-10-25 14:25:34 | [INFO]    | Launching shard 0 (1 out of 1)...
2021-10-25 14:25:34 | [INFO]    | Shard 0 : Connected to wss://gateway.discord.gg
2021-10-25 14:25:34 | [INFO]    | Shard 0 : Received HELLO
2021-10-25 14:25:35 | [INFO]    | Shard 0 : Received READY
2021-10-25 14:26:50 | [INFO]    | Discordia 2.7.0
2021-10-25 14:26:50 | [INFO]    | Connecting to Discord...
2021-10-25 14:26:50 | [INFO]    | Authenticated as ⚡FiveM Leaks PL#6904
2021-10-25 14:26:50 | [INFO]    | Launching shard 0 (1 out of 1)...
2021-10-25 14:26:51 | [INFO]    | Shard 0 : Connected to wss://gateway.discord.gg
2021-10-25 14:26:51 | [INFO]    | Shard 0 : Received HELLO
2021-10-25 14:26:51 | [INFO]    | Shard 0 : Received READY
2021-10-25 14:28:01 | [INFO]    | Discordia 2.7.0
2021-10-25 14:28:01 | [INFO]    | Connecting to Discord...
2021-10-25 14:28:02 | [INFO]    | Authenticated as ⚡FiveM Leaks PL#6904
2021-10-25 14:28:02 | [INFO]    | Launching shard 0 (1 out of 1)...
2021-10-25 14:28:02 | [INFO]    | Shard 0 : Connected to wss://gateway.discord.gg
2021-10-25 14:28:02 | [INFO]    | Shard 0 : Received HELLO
2021-10-25 14:28:02 | [INFO]    | Shard 0 : Received READY
2021-10-25 14:29:44 | [INFO]    | Discordia 2.7.0
2021-10-25 14:29:44 | [INFO]    | Connecting to Discord...
2021-10-25 14:29:44 | [INFO]    | Authenticated as ⚡FiveM Leaks PL#6904
2021-10-25 14:29:44 | [INFO]    | Launching shard 0 (1 out of 1)...
2021-10-25 14:29:45 | [INFO]    | Shard 0 : Connected to wss://gateway.discord.gg
2021-10-25 14:29:45 | [INFO]    | Shard 0 : Received HELLO
2021-10-25 14:29:45 | [INFO]    | Shard 0 : Received READY
2021-10-25 14:30:11 | [INFO]    | Discordia 2.7.0
2021-10-25 14:30:11 | [INFO]    | Connecting to Discord...
2021-10-25 14:30:11 | [INFO]    | Authenticated as ⚡FiveM Leaks PL#6904
2021-10-25 14:30:11 | [INFO]    | Launching shard 0 (1 out of 1)...
2021-10-25 14:30:11 | [INFO]    | Shard 0 : Connected to wss://gateway.discord.gg
2021-10-25 14:30:11 | [INFO]    | Shard 0 : Received HELLO
2021-10-25 14:30:12 | [INFO]    | Shard 0 : Received READY
2021-10-25 14:31:38 | [INFO]    | Discordia 2.7.0
2021-10-25 14:31:38 | [INFO]    | Connecting to Discord...
2021-10-25 14:31:38 | [INFO]    | Authenticated as ⚡FiveM Leaks PL#6904
2021-10-25 14:31:38 | [INFO]    | Launching shard 0 (1 out of 1)...
2021-10-25 14:31:39 | [INFO]    | Shard 0 : Connected to wss://gateway.discord.gg
2021-10-25 14:31:39 | [INFO]    | Shard 0 : Received HELLO
2021-10-25 14:31:39 | [INFO]    | Shard 0 : Received READY
2021-10-25 15:03:58 | [INFO]    | Discordia 2.7.0
2021-10-25 15:03:58 | [INFO]    | Connecting to Discord...
2021-10-25 15:03:59 | [INFO]    | Authenticated as ⚡FiveM Leaks PL#6904
2021-10-25 15:03:59 | [INFO]    | Launching shard 0 (1 out of 1)...
2021-10-25 15:03:59 | [INFO]    | Shard 0 : Connected to wss://gateway.discord.gg
2021-10-25 15:03:59 | [INFO]    | Shard 0 : Received HELLO
2021-10-25 15:04:00 | [INFO]    | Shard 0 : Received READY
2021-10-25 15:15:01 | [INFO]    | Discordia 2.7.0
2021-10-25 15:15:01 | [INFO]    | Connecting to Discord...
2021-10-25 15:15:01 | [INFO]    | Authenticated as ⚡FiveM Leaks PL#6904
2021-10-25 15:15:01 | [INFO]    | Launching shard 0 (1 out of 1)...
2021-10-25 15:15:01 | [INFO]    | Shard 0 : Connected to wss://gateway.discord.gg
2021-10-25 15:15:01 | [INFO]    | Shard 0 : Received HELLO
2021-10-25 15:15:02 | [INFO]    | Shard 0 : Received READY
2021-10-25 15:17:13 | [INFO]    | Discordia 2.7.0
2021-10-25 15:17:13 | [INFO]    | Connecting to Discord...
2021-10-25 15:17:14 | [INFO]    | Authenticated as ⚡FiveM Leaks PL#6904
2021-10-25 15:17:14 | [INFO]    | Launching shard 0 (1 out of 1)...
2021-10-25 15:17:14 | [INFO]    | Shard 0 : Connected to wss://gateway.discord.gg
2021-10-25 15:17:14 | [INFO]    | Shard 0 : Received HELLO
2021-10-25 15:17:14 | [INFO]    | Shard 0 : Received READY
2021-10-25 15:17:42 | [INFO]    | Discordia 2.7.0
2021-10-25 15:17:42 | [INFO]    | Connecting to Discord...
2021-10-25 15:17:42 | [INFO]    | Authenticated as ⚡FiveM Leaks PL#6904
2021-10-25 15:17:42 | [INFO]    | Launching shard 0 (1 out of 1)...
2021-10-25 15:17:43 | [INFO]    | Shard 0 : Connected to wss://gateway.discord.gg
2021-10-25 15:17:43 | [INFO]    | Shard 0 : Received HELLO
2021-10-25 15:17:43 | [INFO]    | Shard 0 : Received READY
2021-10-25 15:18:09 | [INFO]    | Discordia 2.7.0
2021-10-25 15:18:09 | [INFO]    | Connecting to Discord...
2021-10-25 15:18:09 | [INFO]    | Authenticated as ⚡FiveM Leaks PL#6904
2021-10-25 15:18:09 | [INFO]    | Launching shard 0 (1 out of 1)...
2021-10-25 15:18:10 | [INFO]    | Shard 0 : Connected to wss://gateway.discord.gg
2021-10-25 15:18:10 | [INFO]    | Shard 0 : Received HELLO
2021-10-25 15:18:10 | [INFO]    | Shard 0 : Received READY
2021-10-25 15:20:33 | [INFO]    | Discordia 2.7.0
2021-10-25 15:20:33 | [INFO]    | Connecting to Discord...
2021-10-25 15:20:33 | [INFO]    | Authenticated as ⚡FiveM Leaks PL#6904
2021-10-25 15:20:33 | [INFO]    | Launching shard 0 (1 out of 1)...
2021-10-25 15:20:33 | [INFO]    | Shard 0 : Connected to wss://gateway.discord.gg
2021-10-25 15:20:33 | [INFO]    | Shard 0 : Received HELLO
2021-10-25 15:20:34 | [INFO]    | Shard 0 : Received READY
2021-10-25 15:21:00 | [INFO]    | Discordia 2.7.0
2021-10-25 15:21:00 | [INFO]    | Connecting to Discord...
2021-10-25 15:21:00 | [INFO]    | Authenticated as ⚡FiveM Leaks PL#6904
2021-10-25 15:21:00 | [INFO]    | Launching shard 0 (1 out of 1)...
2021-10-25 15:21:01 | [INFO]    | Shard 0 : Connected to wss://gateway.discord.gg
2021-10-25 15:21:01 | [INFO]    | Shard 0 : Received HELLO
2021-10-25 15:21:01 | [INFO]    | Shard 0 : Received READY
2021-10-25 15:36:42 | [INFO]    | Discordia 2.7.0
2021-10-25 15:36:42 | [INFO]    | Connecting to Discord...
2021-10-25 15:36:42 | [INFO]    | Authenticated as ⚡FiveM Leaks PL#6904
2021-10-25 15:36:42 | [INFO]    | Launching shard 0 (1 out of 1)...
2021-10-25 15:36:43 | [INFO]    | Shard 0 : Connected to wss://gateway.discord.gg
2021-10-25 15:36:43 | [INFO]    | Shard 0 : Received HELLO
2021-10-25 15:36:43 | [INFO]    | Shard 0 : Received READY
2021-10-25 15:49:32 | [INFO]    | Discordia 2.7.0
2021-10-25 15:49:32 | [INFO]    | Connecting to Discord...
2021-10-25 15:49:32 | [INFO]    | Authenticated as ⚡FiveM Leaks PL#6904
2021-10-25 15:49:32 | [INFO]    | Launching shard 0 (1 out of 1)...
2021-10-25 15:49:33 | [INFO]    | Shard 0 : Connected to wss://gateway.discord.gg
2021-10-25 15:49:33 | [INFO]    | Shard 0 : Received HELLO
2021-10-25 15:49:33 | [INFO]    | Shard 0 : Received READY
2021-10-25 16:10:07 | [INFO]    | Discordia 2.7.0
2021-10-25 16:10:07 | [INFO]    | Connecting to Discord...
2021-10-25 16:10:08 | [INFO]    | Authenticated as ⚡FiveM Leaks PL#6904
2021-10-25 16:10:10 | [INFO]    | Launching shard 0 (1 out of 1)...
2021-10-25 16:10:11 | [INFO]    | Shard 0 : Connected to wss://gateway.discord.gg
2021-10-25 16:10:11 | [INFO]    | Shard 0 : Received HELLO
2021-10-25 16:10:11 | [INFO]    | Shard 0 : Received READY
2021-10-25 16:24:32 | [INFO]    | Discordia 2.7.0
2021-10-25 16:24:32 | [INFO]    | Connecting to Discord...
2021-10-25 16:24:33 | [INFO]    | Authenticated as ⚡FiveM Leaks PL#6904
2021-10-25 16:24:33 | [INFO]    | Launching shard 0 (1 out of 1)...
2021-10-25 16:24:33 | [INFO]    | Shard 0 : Connected to wss://gateway.discord.gg
2021-10-25 16:24:33 | [INFO]    | Shard 0 : Received HELLO
2021-10-25 16:24:34 | [INFO]    | Shard 0 : Received READY
2021-10-25 16:27:01 | [INFO]    | Discordia 2.7.0
2021-10-25 16:27:01 | [INFO]    | Connecting to Discord...
2021-10-25 16:27:02 | [INFO]    | Authenticated as ⚡FiveM Leaks PL#6904
2021-10-25 16:27:02 | [INFO]    | Launching shard 0 (1 out of 1)...
2021-10-25 16:27:02 | [INFO]    | Shard 0 : Connected to wss://gateway.discord.gg
2021-10-25 16:27:02 | [INFO]    | Shard 0 : Received HELLO
2021-10-25 16:27:02 | [INFO]    | Shard 0 : Received READY
2021-10-25 16:33:56 | [INFO]    | Discordia 2.7.0
2021-10-25 16:33:56 | [INFO]    | Connecting to Discord...
2021-10-25 16:33:57 | [INFO]    | Authenticated as ⚡FiveM Leaks PL#6904
2021-10-25 16:33:57 | [INFO]    | Launching shard 0 (1 out of 1)...
2021-10-25 16:33:57 | [INFO]    | Shard 0 : Connected to wss://gateway.discord.gg
2021-10-25 16:33:57 | [INFO]    | Shard 0 : Received HELLO
2021-10-25 16:33:57 | [INFO]    | Shard 0 : Received READY
2021-10-25 16:41:20 | [INFO]    | Discordia 2.7.0
2021-10-25 16:41:20 | [INFO]    | Connecting to Discord...
2021-10-25 16:41:20 | [INFO]    | Authenticated as ⚡FiveM Leaks PL#6904
2021-10-25 16:41:20 | [INFO]    | Launching shard 0 (1 out of 1)...
2021-10-25 16:41:20 | [INFO]    | Shard 0 : Connected to wss://gateway.discord.gg
2021-10-25 16:41:20 | [INFO]    | Shard 0 : Received HELLO
2021-10-25 16:41:21 | [INFO]    | Shard 0 : Received READY
2021-10-25 16:47:10 | [INFO]    | Discordia 2.7.0
2021-10-25 16:47:10 | [INFO]    | Connecting to Discord...
2021-10-25 16:47:10 | [INFO]    | Authenticated as ⚡FiveM Leaks PL#6904
2021-10-25 16:47:10 | [INFO]    | Launching shard 0 (1 out of 1)...
2021-10-25 16:47:11 | [INFO]    | Shard 0 : Connected to wss://gateway.discord.gg
2021-10-25 16:47:11 | [INFO]    | Shard 0 : Received HELLO
2021-10-25 16:47:11 | [INFO]    | Shard 0 : Received READY
2021-10-25 16:58:14 | [INFO]    | Discordia 2.7.0
2021-10-25 16:58:14 | [INFO]    | Connecting to Discord...
2021-10-25 16:58:15 | [INFO]    | Authenticated as ⚡FiveM Leaks PL#6904
2021-10-25 16:58:15 | [INFO]    | Launching shard 0 (1 out of 1)...
2021-10-25 16:58:15 | [INFO]    | Shard 0 : Connected to wss://gateway.discord.gg
2021-10-25 16:58:15 | [INFO]    | Shard 0 : Received HELLO
2021-10-25 16:58:15 | [INFO]    | Shard 0 : Received READY
2021-10-25 16:59:36 | [INFO]    | Discordia 2.7.0
2021-10-25 16:59:36 | [INFO]    | Connecting to Discord...
2021-10-25 16:59:36 | [INFO]    | Authenticated as ⚡FiveM Leaks PL#6904
2021-10-25 16:59:36 | [INFO]    | Launching shard 0 (1 out of 1)...
2021-10-25 16:59:37 | [INFO]    | Shard 0 : Connected to wss://gateway.discord.gg
2021-10-25 16:59:37 | [INFO]    | Shard 0 : Received HELLO
2021-10-25 16:59:37 | [INFO]    | Shard 0 : Received READY
2021-10-25 17:04:36 | [INFO]    | Discordia 2.7.0
2021-10-25 17:04:36 | [INFO]    | Connecting to Discord...
2021-10-25 17:04:37 | [INFO]    | Authenticated as ⚡FiveM Leaks PL#6904
2021-10-25 17:04:37 | [INFO]    | Launching shard 0 (1 out of 1)...
2021-10-25 17:04:37 | [INFO]    | Shard 0 : Connected to wss://gateway.discord.gg
2021-10-25 17:04:37 | [INFO]    | Shard 0 : Received HELLO
2021-10-25 17:04:38 | [INFO]    | Shard 0 : Received READY
2021-10-25 17:05:53 | [INFO]    | Discordia 2.7.0
2021-10-25 17:05:53 | [INFO]    | Connecting to Discord...
2021-10-25 17:05:53 | [INFO]    | Discordia 2.7.0
2021-10-25 17:05:53 | [INFO]    | Connecting to Discord...
2021-10-25 17:05:54 | [INFO]    | Authenticated as ⚡FiveM Leaks PL#6904
2021-10-25 17:05:54 | [INFO]    | Launching shard 0 (1 out of 1)...
2021-10-25 17:05:54 | [INFO]    | Authenticated as ⚡FiveM Leaks PL#6904
2021-10-25 17:05:54 | [INFO]    | Launching shard 0 (1 out of 1)...
2021-10-25 17:05:54 | [INFO]    | Shard 0 : Connected to wss://gateway.discord.gg
2021-10-25 17:05:54 | [INFO]    | Shard 0 : Received HELLO
2021-10-25 17:05:54 | [INFO]    | Shard 0 : Connected to wss://gateway.discord.gg
2021-10-25 17:05:54 | [INFO]    | Shard 0 : Received HELLO
2021-10-25 17:05:54 | [INFO]    | Shard 0 : Received READY
2021-10-25 17:08:15 | [INFO]    | Discordia 2.7.0
2021-10-25 17:08:15 | [INFO]    | Connecting to Discord...
2021-10-25 17:08:15 | [INFO]    | Authenticated as ⚡FiveM Leaks PL#6904
2021-10-25 17:08:15 | [INFO]    | Launching shard 0 (1 out of 1)...
2021-10-25 17:08:16 | [INFO]    | Shard 0 : Connected to wss://gateway.discord.gg
2021-10-25 17:08:16 | [INFO]    | Shard 0 : Received HELLO
2021-10-25 17:08:16 | [INFO]    | Shard 0 : Received READY
2021-10-25 17:39:56 | [INFO]    | Discordia 2.7.0
2021-10-25 17:39:56 | [INFO]    | Connecting to Discord...
2021-10-25 17:39:57 | [INFO]    | Authenticated as ⚡FiveM Leaks PL#6904
2021-10-25 17:39:57 | [INFO]    | Launching shard 0 (1 out of 1)...
2021-10-25 17:39:58 | [INFO]    | Shard 0 : Connected to wss://gateway.discord.gg
2021-10-25 17:39:58 | [INFO]    | Shard 0 : Received HELLO
2021-10-25 17:39:58 | [INFO]    | Shard 0 : Received READY
2021-10-25 17:40:44 | [INFO]    | Discordia 2.7.0
2021-10-25 17:40:44 | [INFO]    | Connecting to Discord...
2021-10-25 17:40:44 | [INFO]    | Discordia 2.7.0
2021-10-25 17:40:44 | [INFO]    | Connecting to Discord...
2021-10-25 17:40:45 | [INFO]    | Authenticated as ⚡FiveM Leaks PL#6904
2021-10-25 17:40:45 | [INFO]    | Launching shard 0 (1 out of 1)...
2021-10-25 17:40:45 | [INFO]    | Authenticated as ⚡FiveM Leaks PL#6904
2021-10-25 17:40:45 | [INFO]    | Launching shard 0 (1 out of 1)...
2021-10-25 17:40:45 | [INFO]    | Shard 0 : Connected to wss://gateway.discord.gg
2021-10-25 17:40:45 | [INFO]    | Shard 0 : Received HELLO
2021-10-25 17:40:45 | [INFO]    | Shard 0 : Connected to wss://gateway.discord.gg
2021-10-25 17:40:45 | [INFO]    | Shard 0 : Received HELLO
2021-10-25 17:40:45 | [INFO]    | Shard 0 : Received READY
2021-10-25 17:40:58 | [ERROR]   | 403 - Forbidden : PUT https://discordapp.com/api/v7/guilds/896056608566693968/bans/803392127681429534
2021-10-25 17:46:22 | [INFO]    | Discordia 2.7.0
2021-10-25 17:46:22 | [INFO]    | Connecting to Discord...
2021-10-25 17:46:23 | [INFO]    | Authenticated as ⚡FiveM Leaks PL#6904
2021-10-25 17:46:23 | [INFO]    | Launching shard 0 (1 out of 1)...
2021-10-25 17:46:23 | [INFO]    | Shard 0 : Connected to wss://gateway.discord.gg
2021-10-25 17:46:23 | [INFO]    | Shard 0 : Received HELLO
2021-10-25 17:46:24 | [INFO]    | Shard 0 : Received READY
2021-10-25 17:46:30 | [ERROR]   | 403 - Forbidden : PUT https://discordapp.com/api/v7/guilds/896056608566693968/bans/803392127681429534
2021-10-25 17:49:46 | [INFO]    | Discordia 2.7.0
2021-10-25 17:49:46 | [INFO]    | Connecting to Discord...
2021-10-25 17:49:46 | [INFO]    | Authenticated as ⚡FiveM Leaks PL#6904
2021-10-25 17:49:46 | [INFO]    | Launching shard 0 (1 out of 1)...
2021-10-25 17:49:46 | [INFO]    | Shard 0 : Connected to wss://gateway.discord.gg
2021-10-25 17:49:46 | [INFO]    | Shard 0 : Received HELLO
2021-10-25 17:49:47 | [INFO]    | Shard 0 : Received READY
2021-10-25 17:51:12 | [INFO]    | Discordia 2.7.0
2021-10-25 17:51:12 | [INFO]    | Connecting to Discord...
2021-10-25 17:51:12 | [INFO]    | Authenticated as ⚡FiveM Leaks PL#6904
2021-10-25 17:51:12 | [INFO]    | Launching shard 0 (1 out of 1)...
2021-10-25 17:51:13 | [INFO]    | Shard 0 : Connected to wss://gateway.discord.gg
2021-10-25 17:51:13 | [INFO]    | Shard 0 : Received HELLO
2021-10-25 17:51:13 | [INFO]    | Shard 0 : Received READY
2021-10-25 17:53:31 | [WARNING] | Shard 0 : 1000 - Connection closed
2021-10-25 17:53:31 | [INFO]    | Shard 0 : Disconnected
2021-10-25 17:53:31 | [INFO]    | Shard 0 : Reconnecting after 1001 ms...
2021-10-25 17:53:49 | [INFO]    | Discordia 2.7.0
2021-10-25 17:53:49 | [INFO]    | Connecting to Discord...
2021-10-25 17:54:10 | [ERROR]   | Could not authenticate, check token: C:/Users/grend/bot/deps/coro-http.lua:74: ETIMEDOUT
2021-10-25 17:54:37 | [INFO]    | Discordia 2.7.0
2021-10-25 17:54:37 | [INFO]    | Connecting to Discord...
2021-10-25 17:54:58 | [ERROR]   | Could not authenticate, check token: C:/Users/grend/bot/deps/coro-http.lua:74: ETIMEDOUT
2021-10-25 18:03:52 | [INFO]    | Discordia 2.7.0
2021-10-25 18:03:52 | [INFO]    | Connecting to Discord...
2021-10-25 18:03:53 | [INFO]    | Authenticated as ⚡FiveM Leaks PL#6904
2021-10-25 18:03:53 | [INFO]    | Launching shard 0 (1 out of 1)...
2021-10-25 18:03:53 | [INFO]    | Shard 0 : Connected to wss://gateway.discord.gg
2021-10-25 18:03:53 | [INFO]    | Shard 0 : Received HELLO
2021-10-25 18:03:54 | [INFO]    | Shard 0 : Received READY
2021-10-25 18:04:38 | [INFO]    | Discordia 2.7.0
2021-10-25 18:04:38 | [INFO]    | Connecting to Discord...
2021-10-25 18:04:38 | [INFO]    | Discordia 2.7.0
2021-10-25 18:04:38 | [INFO]    | Connecting to Discord...
2021-10-25 18:04:39 | [INFO]    | Authenticated as ⚡FiveM Leaks PL#6904
2021-10-25 18:04:39 | [INFO]    | Launching shard 0 (1 out of 1)...
2021-10-25 18:04:39 | [INFO]    | Authenticated as ⚡FiveM Leaks PL#6904
2021-10-25 18:04:39 | [INFO]    | Launching shard 0 (1 out of 1)...
2021-10-25 18:04:39 | [INFO]    | Shard 0 : Connected to wss://gateway.discord.gg
2021-10-25 18:04:39 | [INFO]    | Shard 0 : Received HELLO
2021-10-25 18:04:39 | [INFO]    | Shard 0 : Connected to wss://gateway.discord.gg
2021-10-25 18:04:39 | [INFO]    | Shard 0 : Received HELLO
2021-10-25 18:04:40 | [INFO]    | Shard 0 : Received READY
2021-10-25 18:04:44 | [INFO]    | Shard 0 : Session invalidated, re-identifying...
2021-10-25 18:04:48 | [INFO]    | Shard 0 : Received READY
2021-10-25 18:14:41 | [INFO]    | Discordia 2.7.0
2021-10-25 18:14:41 | [INFO]    | Connecting to Discord...
2021-10-25 18:14:42 | [INFO]    | Authenticated as ⚡FiveM Leaks PL#6904
2021-10-25 18:14:42 | [INFO]    | Launching shard 0 (1 out of 1)...
2021-10-25 18:14:42 | [INFO]    | Shard 0 : Connected to wss://gateway.discord.gg
2021-10-25 18:14:42 | [INFO]    | Shard 0 : Received HELLO
2021-10-25 18:14:42 | [INFO]    | Shard 0 : Received READY
2021-10-25 18:14:54 | [WARNING] | 429 - Too Many Requests : retrying after 393 ms : POST https://discordapp.com/api/v7/channels/896154169172455443/messages
2021-10-25 18:15:11 | [INFO]    | Discordia 2.7.0
2021-10-25 18:15:11 | [INFO]    | Connecting to Discord...
2021-10-25 18:15:12 | [INFO]    | Authenticated as ⚡FiveM Leaks PL#6904
2021-10-25 18:15:12 | [INFO]    | Launching shard 0 (1 out of 1)...
2021-10-25 18:15:13 | [INFO]    | Shard 0 : Connected to wss://gateway.discord.gg
2021-10-25 18:15:13 | [INFO]    | Shard 0 : Received HELLO
2021-10-25 18:15:14 | [INFO]    | Shard 0 : Received READY
2021-10-25 18:16:29 | [INFO]    | Discordia 2.7.0
2021-10-25 18:16:29 | [INFO]    | Connecting to Discord...
2021-10-25 18:16:30 | [INFO]    | Authenticated as ⚡FiveM Leaks PL#6904
2021-10-25 18:16:30 | [INFO]    | Launching shard 0 (1 out of 1)...
2021-10-25 18:16:30 | [INFO]    | Shard 0 : Connected to wss://gateway.discord.gg
2021-10-25 18:16:30 | [INFO]    | Shard 0 : Received HELLO
2021-10-25 18:16:30 | [INFO]    | Shard 0 : Received READY
2021-10-25 18:29:11 | [INFO]    | Discordia 2.7.0
2021-10-25 18:29:11 | [INFO]    | Connecting to Discord...
2021-10-25 18:29:12 | [INFO]    | Authenticated as ⚡FiveM Leaks PL#6904
2021-10-25 18:29:12 | [INFO]    | Launching shard 0 (1 out of 1)...
2021-10-25 18:29:13 | [INFO]    | Shard 0 : Connected to wss://gateway.discord.gg
2021-10-25 18:29:13 | [INFO]    | Shard 0 : Received HELLO
2021-10-25 18:29:14 | [INFO]    | Shard 0 : Received READY
2021-10-25 18:35:24 | [INFO]    | Discordia 2.7.0
2021-10-25 18:35:24 | [INFO]    | Connecting to Discord...
2021-10-25 18:35:24 | [INFO]    | Authenticated as ⚡FiveM Leaks PL#6904
2021-10-25 18:35:24 | [INFO]    | Launching shard 0 (1 out of 1)...
2021-10-25 18:35:25 | [INFO]    | Shard 0 : Connected to wss://gateway.discord.gg
2021-10-25 18:35:25 | [INFO]    | Shard 0 : Received HELLO
2021-10-25 18:35:25 | [INFO]    | Shard 0 : Received READY
2021-10-25 18:36:39 | [INFO]    | Discordia 2.7.0
2021-10-25 18:36:39 | [INFO]    | Connecting to Discord...
2021-10-25 18:36:39 | [INFO]    | Authenticated as ⚡FiveM Leaks PL#6904
2021-10-25 18:36:39 | [INFO]    | Launching shard 0 (1 out of 1)...
2021-10-25 18:36:40 | [INFO]    | Shard 0 : Connected to wss://gateway.discord.gg
2021-10-25 18:36:40 | [INFO]    | Shard 0 : Received HELLO
2021-10-25 18:36:40 | [INFO]    | Shard 0 : Received READY
2021-10-25 18:37:47 | [INFO]    | Discordia 2.7.0
2021-10-25 18:37:47 | [INFO]    | Connecting to Discord...
2021-10-25 18:37:47 | [INFO]    | Authenticated as ⚡FiveM Leaks PL#6904
2021-10-25 18:37:47 | [INFO]    | Launching shard 0 (1 out of 1)...
2021-10-25 18:37:48 | [INFO]    | Shard 0 : Connected to wss://gateway.discord.gg
2021-10-25 18:37:48 | [INFO]    | Shard 0 : Received HELLO
2021-10-25 18:37:49 | [INFO]    | Shard 0 : Received READY
2021-10-25 18:41:20 | [INFO]    | Discordia 2.7.0
2021-10-25 18:41:20 | [INFO]    | Connecting to Discord...
2021-10-25 18:41:21 | [INFO]    | Authenticated as ⚡FiveM Leaks PL#6904
2021-10-25 18:41:21 | [INFO]    | Launching shard 0 (1 out of 1)...
2021-10-25 18:41:22 | [INFO]    | Shard 0 : Connected to wss://gateway.discord.gg
2021-10-25 18:41:22 | [INFO]    | Shard 0 : Received HELLO
2021-10-25 18:41:22 | [INFO]    | Shard 0 : Received READY
2021-10-25 18:42:35 | [ERROR]   | 403 - Forbidden : POST https://discordapp.com/api/v7/channels/902235700596965426/messages
2021-10-25 18:48:19 | [INFO]    | Discordia 2.7.0
2021-10-25 18:48:19 | [INFO]    | Connecting to Discord...
2021-10-25 18:48:20 | [INFO]    | Authenticated as ⚡FiveM Leaks PL#6904
2021-10-25 18:48:20 | [INFO]    | Launching shard 0 (1 out of 1)...
2021-10-25 18:48:20 | [INFO]    | Shard 0 : Connected to wss://gateway.discord.gg
2021-10-25 18:48:20 | [INFO]    | Shard 0 : Received HELLO
2021-10-25 18:48:21 | [INFO]    | Shard 0 : Received READY
2021-10-25 18:50:06 | [INFO]    | Discordia 2.7.0
2021-10-25 18:50:06 | [INFO]    | Connecting to Discord...
2021-10-25 18:50:07 | [INFO]    | Authenticated as ⚡FiveM Leaks PL#6904
2021-10-25 18:50:07 | [INFO]    | Launching shard 0 (1 out of 1)...
2021-10-25 18:50:07 | [INFO]    | Shard 0 : Connected to wss://gateway.discord.gg
2021-10-25 18:50:07 | [INFO]    | Shard 0 : Received HELLO
2021-10-25 18:50:08 | [INFO]    | Shard 0 : Received READY
2021-10-25 18:51:03 | [ERROR]   | 400 - Bad Request : POST https://discordapp.com/api/v7/users/@me/channels
2021-10-25 18:51:04 | [WARNING] | Shard 0 : Unhandled gateway event: INTEGRATION_DELETE
2021-10-25 18:51:13 | [ERROR]   | 400 - Bad Request : POST https://discordapp.com/api/v7/users/@me/channels
2021-10-25 18:52:21 | [INFO]    | Discordia 2.7.0
2021-10-25 18:52:21 | [INFO]    | Connecting to Discord...
2021-10-25 18:52:22 | [INFO]    | Authenticated as ⚡FiveM Leaks PL#6904
2021-10-25 18:52:22 | [INFO]    | Launching shard 0 (1 out of 1)...
2021-10-25 18:52:22 | [INFO]    | Shard 0 : Connected to wss://gateway.discord.gg
2021-10-25 18:52:22 | [INFO]    | Shard 0 : Received HELLO
2021-10-25 18:52:22 | [INFO]    | Shard 0 : Received READY
2021-10-25 18:56:34 | [INFO]    | Discordia 2.7.0
2021-10-25 18:56:34 | [INFO]    | Connecting to Discord...
2021-10-25 18:56:34 | [INFO]    | Authenticated as ⚡FiveM Leaks PL#6904
2021-10-25 18:56:34 | [INFO]    | Launching shard 0 (1 out of 1)...
2021-10-25 18:56:35 | [INFO]    | Shard 0 : Connected to wss://gateway.discord.gg
2021-10-25 18:56:35 | [INFO]    | Shard 0 : Received HELLO
2021-10-25 18:56:35 | [INFO]    | Shard 0 : Received READY
2021-10-25 21:19:54 | [INFO]    | Discordia 2.7.0
2021-10-25 21:19:54 | [INFO]    | Connecting to Discord...
2021-10-25 21:19:55 | [INFO]    | Authenticated as ⚡FiveM Leaks PL#6904
2021-10-25 21:19:55 | [INFO]    | Launching shard 0 (1 out of 1)...
2021-10-25 21:19:56 | [INFO]    | Shard 0 : Connected to wss://gateway.discord.gg
2021-10-25 21:19:56 | [INFO]    | Shard 0 : Received HELLO
2021-10-25 21:19:56 | [INFO]    | Shard 0 : Received READY
2021-10-25 21:25:07 | [WARNING] | Shard 0 : Unhandled gateway event: INTEGRATION_CREATE
2021-10-25 21:25:44 | [ERROR]   | 400 - Bad Request : POST https://discordapp.com/api/v7/users/@me/channels
2021-10-25 21:25:45 | [WARNING] | Shard 0 : Unhandled gateway event: INTEGRATION_DELETE
2021-10-25 21:25:56 | [ERROR]   | 400 - Bad Request : POST https://discordapp.com/api/v7/users/@me/channels
2021-10-25 21:26:47 | [WARNING] | Shard 0 : Unhandled gateway event: INVITE_CREATE
2021-10-25 21:33:48 | [WARNING] | Shard 0 : Unhandled gateway event: INTEGRATION_CREATE
2021-10-25 21:34:39 | [WARNING] | Shard 0 : Unhandled gateway event: INTEGRATION_DELETE
2021-10-25 21:41:59 | [INFO]    | Discordia 2.7.0
2021-10-25 21:41:59 | [INFO]    | Connecting to Discord...
2021-10-25 21:42:00 | [INFO]    | Authenticated as ⚡FiveM Leaks PL#6904
2021-10-25 21:42:00 | [INFO]    | Launching shard 0 (1 out of 1)...
2021-10-25 21:42:01 | [INFO]    | Shard 0 : Connected to wss://gateway.discord.gg
2021-10-25 21:42:01 | [INFO]    | Shard 0 : Received HELLO
2021-10-25 21:42:01 | [INFO]    | Shard 0 : Received READY
2021-10-25 21:42:06 | [ERROR]   | 400 - Bad Request : POST https://discordapp.com/api/v7/users/@me/channels
2021-10-25 21:42:06 | [WARNING] | Shard 0 : Unhandled gateway event: INTEGRATION_DELETE
2021-10-25 22:08:45 | [INFO]    | Discordia 2.7.0
2021-10-25 22:08:45 | [INFO]    | Connecting to Discord...
2021-10-25 22:08:45 | [INFO]    | Authenticated as ⚡FiveM Leaks PL#6904
2021-10-25 22:08:45 | [INFO]    | Launching shard 0 (1 out of 1)...
2021-10-25 22:08:46 | [INFO]    | Shard 0 : Connected to wss://gateway.discord.gg
2021-10-25 22:08:46 | [INFO]    | Shard 0 : Received HELLO
2021-10-25 22:08:46 | [INFO]    | Shard 0 : Received READY
2021-10-26 08:02:05 | [INFO]    | Discordia 2.7.0
2021-10-26 08:02:05 | [INFO]    | Connecting to Discord...
2021-10-26 08:02:15 | [INFO]    | Authenticated as ⚡FiveM Leaks PL#6904
2021-10-26 08:02:19 | [INFO]    | Launching shard 0 (1 out of 1)...
2021-10-26 08:02:20 | [INFO]    | Shard 0 : Connected to wss://gateway.discord.gg
2021-10-26 08:02:20 | [INFO]    | Shard 0 : Received HELLO
2021-10-26 08:02:20 | [INFO]    | Shard 0 : Received READY
2021-10-26 08:16:34 | [INFO]    | Discordia 2.7.0
2021-10-26 08:16:34 | [INFO]    | Connecting to Discord...
2021-10-26 08:16:35 | [INFO]    | Authenticated as ⚡FiveM Leaks PL#6904
2021-10-26 08:16:35 | [INFO]    | Launching shard 0 (1 out of 1)...
2021-10-26 08:16:36 | [INFO]    | Shard 0 : Connected to wss://gateway.discord.gg
2021-10-26 08:16:36 | [INFO]    | Shard 0 : Received HELLO
2021-10-26 08:16:36 | [INFO]    | Shard 0 : Received READY
2021-10-26 08:20:38 | [INFO]    | Discordia 2.7.0
2021-10-26 08:20:38 | [INFO]    | Connecting to Discord...
2021-10-26 08:20:39 | [INFO]    | Authenticated as ⚡FiveM Leaks PL#6904
2021-10-26 08:20:39 | [INFO]    | Launching shard 0 (1 out of 1)...
2021-10-26 08:20:39 | [INFO]    | Shard 0 : Connected to wss://gateway.discord.gg
2021-10-26 08:20:39 | [INFO]    | Shard 0 : Received HELLO
2021-10-26 08:20:40 | [INFO]    | Shard 0 : Received READY
2021-10-26 08:23:26 | [INFO]    | Discordia 2.7.0
2021-10-26 08:23:26 | [INFO]    | Connecting to Discord...
2021-10-26 08:23:26 | [INFO]    | Authenticated as ⚡FiveM Leaks PL#6904
2021-10-26 08:23:26 | [INFO]    | Launching shard 0 (1 out of 1)...
2021-10-26 08:23:26 | [INFO]    | Shard 0 : Connected to wss://gateway.discord.gg
2021-10-26 08:23:26 | [INFO]    | Shard 0 : Received HELLO
2021-10-26 08:23:27 | [INFO]    | Shard 0 : Received READY
2021-10-26 08:28:40 | [INFO]    | Discordia 2.7.0
2021-10-26 08:28:40 | [INFO]    | Connecting to Discord...
2021-10-26 08:28:41 | [INFO]    | Authenticated as ⚡FiveM Leaks PL#6904
2021-10-26 08:28:41 | [INFO]    | Launching shard 0 (1 out of 1)...
2021-10-26 08:28:41 | [INFO]    | Shard 0 : Connected to wss://gateway.discord.gg
2021-10-26 08:28:41 | [INFO]    | Shard 0 : Received HELLO
2021-10-26 08:28:41 | [INFO]    | Shard 0 : Received READY
2021-10-26 08:44:12 | [WARNING] | Shard 0 : Discord has requested a reconnection
2021-10-26 08:44:12 | [INFO]    | Shard 0 : Disconnected
2021-10-26 08:44:12 | [INFO]    | Shard 0 : Reconnecting...
2021-10-26 08:44:13 | [INFO]    | Shard 0 : Connected to wss://gateway.discord.gg
2021-10-26 08:44:13 | [INFO]    | Shard 0 : Received HELLO
2021-10-26 08:44:13 | [INFO]    | Shard 0 : Received READY
2021-10-26 08:44:26 | [INFO]    | Discordia 2.7.0
2021-10-26 08:44:26 | [INFO]    | Connecting to Discord...
2021-10-26 08:44:27 | [INFO]    | Authenticated as ⚡FiveM Leaks PL#6904
2021-10-26 08:44:27 | [INFO]    | Launching shard 0 (1 out of 1)...
2021-10-26 08:44:27 | [INFO]    | Shard 0 : Connected to wss://gateway.discord.gg
2021-10-26 08:44:27 | [INFO]    | Shard 0 : Received HELLO
2021-10-26 08:44:27 | [INFO]    | Shard 0 : Received READY
2021-10-26 09:16:44 | [INFO]    | Discordia 2.7.0
2021-10-26 09:16:44 | [INFO]    | Connecting to Discord...
2021-10-26 09:16:44 | [INFO]    | Authenticated as ⚡FiveM Leaks PL#6904
2021-10-26 09:16:45 | [INFO]    | Launching shard 0 (1 out of 1)...
2021-10-26 09:16:45 | [INFO]    | Shard 0 : Connected to wss://gateway.discord.gg
2021-10-26 09:16:45 | [INFO]    | Shard 0 : Received HELLO
2021-10-26 09:16:46 | [INFO]    | Shard 0 : Received READY
2021-10-26 09:28:34 | [INFO]    | Discordia 2.7.0
2021-10-26 09:28:34 | [INFO]    | Connecting to Discord...
2021-10-26 09:28:34 | [INFO]    | Authenticated as ⚡FiveM Leaks PL#6904
2021-10-26 09:28:34 | [INFO]    | Launching shard 0 (1 out of 1)...
2021-10-26 09:28:35 | [INFO]    | Shard 0 : Connected to wss://gateway.discord.gg
2021-10-26 09:28:35 | [INFO]    | Shard 0 : Received HELLO
2021-10-26 09:28:35 | [INFO]    | Shard 0 : Received READY
2021-10-26 09:34:54 | [INFO]    | Discordia 2.7.0
2021-10-26 09:34:54 | [INFO]    | Connecting to Discord...
2021-10-26 09:34:55 | [INFO]    | Authenticated as ⚡FiveM Leaks PL#6904
2021-10-26 09:34:55 | [INFO]    | Launching shard 0 (1 out of 1)...
2021-10-26 09:34:55 | [INFO]    | Shard 0 : Connected to wss://gateway.discord.gg
2021-10-26 09:34:55 | [INFO]    | Shard 0 : Received HELLO
2021-10-26 09:34:56 | [INFO]    | Shard 0 : Received READY
2021-10-26 09:35:27 | [ERROR]   | 400 - Bad Request : GET https://discordapp.com/api/v7/channels/896154169390563398/messages?limit=600%0A
2021-10-26 09:35:28 | [ERROR]   | 400 - Bad Request : POST https://discordapp.com/api/v7/channels/896154169390563398/messages/bulk-delete
2021-10-26 10:14:34 | [INFO]    | Discordia 2.7.0
2021-10-26 10:14:34 | [INFO]    | Connecting to Discord...
2021-10-26 10:14:35 | [ERROR]   | 401 - Unauthorized : GET https://discordapp.com/api/v7/users/@me
2021-10-26 10:14:35 | [ERROR]   | Could not authenticate, check token: HTTP Error 0 : 401: Unauthorized
2021-10-26 10:16:13 | [INFO]    | Discordia 2.7.0
2021-10-26 10:16:13 | [INFO]    | Connecting to Discord...
2021-10-26 10:16:14 | [ERROR]   | 401 - Unauthorized : GET https://discordapp.com/api/v7/users/@me
2021-10-26 10:16:14 | [ERROR]   | Could not authenticate, check token: HTTP Error 0 : 401: Unauthorized
2021-10-26 10:17:26 | [INFO]    | Discordia 2.7.0
2021-10-26 10:17:26 | [INFO]    | Connecting to Discord...
2021-10-26 10:17:27 | [INFO]    | Authenticated as ⚡FiveM Leaks PL#6904
2021-10-26 10:17:27 | [INFO]    | Launching shard 0 (1 out of 1)...
2021-10-26 10:17:28 | [INFO]    | Shard 0 : Connected to wss://gateway.discord.gg
2021-10-26 10:17:28 | [INFO]    | Shard 0 : Received HELLO
2021-10-26 10:17:28 | [INFO]    | Shard 0 : Received READY
2021-10-26 10:33:31 | [INFO]    | Discordia 2.7.0
2021-10-26 10:33:31 | [INFO]    | Connecting to Discord...
2021-10-26 10:33:31 | [INFO]    | Authenticated as ⚡FiveM Leaks PL#6904
2021-10-26 10:33:31 | [INFO]    | Launching shard 0 (1 out of 1)...
2021-10-26 10:33:32 | [INFO]    | Shard 0 : Connected to wss://gateway.discord.gg
2021-10-26 10:33:32 | [INFO]    | Shard 0 : Received HELLO
2021-10-26 10:33:32 | [INFO]    | Shard 0 : Received READY
2021-10-26 10:53:46 | [WARNING] | Shard 0 : 4003 - Not authenticated.
2021-10-26 10:53:46 | [INFO]    | Shard 0 : Disconnected
2021-10-26 10:53:46 | [INFO]    | Shard 0 : Reconnecting after 1061 ms...
2021-10-26 10:53:48 | [INFO]    | Shard 0 : Connected to wss://gateway.discord.gg
2021-10-26 10:53:48 | [INFO]    | Shard 0 : Received HELLO
2021-10-26 10:53:48 | [INFO]    | Shard 0 : Session invalidated, re-identifying...
2021-10-26 10:53:52 | [WARNING] | Shard 0 : 4004 - Authentication failed.
2021-10-26 10:53:52 | [INFO]    | Shard 0 : Disconnected
2021-10-26 10:53:52 | [INFO]    | Shard 0 : Reconnecting after 2093 ms...
2021-10-26 10:53:54 | [INFO]    | Shard 0 : Connected to wss://gateway.discord.gg
2021-10-26 10:53:54 | [INFO]    | Shard 0 : Received HELLO
2021-10-26 10:53:59 | [WARNING] | Shard 0 : 4004 - Authentication failed.
2021-10-26 10:53:59 | [INFO]    | Shard 0 : Disconnected
2021-10-26 10:53:59 | [INFO]    | Shard 0 : Reconnecting after 4361 ms...
2021-10-26 10:54:04 | [INFO]    | Shard 0 : Connected to wss://gateway.discord.gg
2021-10-26 10:54:04 | [INFO]    | Shard 0 : Received HELLO
2021-10-26 10:54:07 | [WARNING] | Shard 0 : 4004 - Authentication failed.
2021-10-26 10:54:07 | [INFO]    | Shard 0 : Disconnected
2021-10-26 10:54:07 | [INFO]    | Shard 0 : Reconnecting after 7882 ms...
2021-10-26 10:54:15 | [INFO]    | Shard 0 : Connected to wss://gateway.discord.gg
2021-10-26 10:54:15 | [INFO]    | Shard 0 : Received HELLO
2021-10-26 10:54:15 | [WARNING] | Shard 0 : 4004 - Authentication failed.
2021-10-26 10:54:15 | [INFO]    | Shard 0 : Disconnected
2021-10-26 10:54:15 | [INFO]    | Shard 0 : Reconnecting after 16197 ms...
2021-10-26 10:54:32 | [INFO]    | Shard 0 : Connected to wss://gateway.discord.gg
2021-10-26 10:54:32 | [INFO]    | Shard 0 : Received HELLO
2021-10-26 10:54:32 | [WARNING] | Shard 0 : 4004 - Authentication failed.
2021-10-26 10:54:32 | [INFO]    | Shard 0 : Disconnected
2021-10-26 10:54:32 | [INFO]    | Shard 0 : Reconnecting after 33401 ms...
2021-10-26 10:55:06 | [INFO]    | Shard 0 : Connected to wss://gateway.discord.gg
2021-10-26 10:55:06 | [INFO]    | Shard 0 : Received HELLO
2021-10-26 10:55:06 | [WARNING] | Shard 0 : 4004 - Authentication failed.
2021-10-26 10:55:06 | [INFO]    | Shard 0 : Disconnected
2021-10-26 10:55:06 | [INFO]    | Shard 0 : Reconnecting after 55083 ms...
2021-10-26 10:56:01 | [INFO]    | Shard 0 : Connected to wss://gateway.discord.gg
2021-10-26 10:56:01 | [INFO]    | Shard 0 : Received HELLO
2021-10-26 10:56:01 | [WARNING] | Shard 0 : 4004 - Authentication failed.
2021-10-26 10:56:01 | [INFO]    | Shard 0 : Disconnected
2021-10-26 10:56:01 | [INFO]    | Shard 0 : Reconnecting after 62484 ms...
2021-10-26 10:57:04 | [INFO]    | Shard 0 : Connected to wss://gateway.discord.gg
2021-10-26 10:57:04 | [INFO]    | Shard 0 : Received HELLO
2021-10-26 10:57:04 | [WARNING] | Shard 0 : 4004 - Authentication failed.
2021-10-26 10:57:04 | [INFO]    | Shard 0 : Disconnected
2021-10-26 10:57:04 | [INFO]    | Shard 0 : Reconnecting after 57498 ms...
2021-10-26 10:58:02 | [INFO]    | Shard 0 : Connected to wss://gateway.discord.gg
2021-10-26 10:58:02 | [INFO]    | Shard 0 : Received HELLO
2021-10-26 10:58:03 | [WARNING] | Shard 0 : 4004 - Authentication failed.
2021-10-26 10:58:03 | [INFO]    | Shard 0 : Disconnected
2021-10-26 10:58:03 | [INFO]    | Shard 0 : Reconnecting after 54606 ms...
2021-10-26 10:58:58 | [INFO]    | Shard 0 : Connected to wss://gateway.discord.gg
2021-10-26 10:58:58 | [INFO]    | Shard 0 : Received HELLO
2021-10-26 10:58:58 | [WARNING] | Shard 0 : 4004 - Authentication failed.
2021-10-26 10:58:58 | [INFO]    | Shard 0 : Disconnected
2021-10-26 10:58:58 | [INFO]    | Shard 0 : Reconnecting after 57778 ms...
2021-10-26 10:59:51 | [INFO]    | Discordia 2.7.0
2021-10-26 10:59:51 | [INFO]    | Connecting to Discord...
2021-10-26 10:59:51 | [INFO]    | Authenticated as ⚡FiveM Leaks PL#6904
2021-10-26 10:59:51 | [INFO]    | Launching shard 0 (1 out of 1)...
2021-10-26 10:59:51 | [INFO]    | Shard 0 : Connected to wss://gateway.discord.gg
2021-10-26 10:59:51 | [INFO]    | Shard 0 : Received HELLO
2021-10-26 10:59:52 | [INFO]    | Shard 0 : Received READY
2021-10-26 11:36:32 | [WARNING] | Shard 0 : 1000 - Connection closed
2021-10-26 11:36:32 | [INFO]    | Shard 0 : Disconnected
2021-10-26 11:36:32 | [INFO]    | Shard 0 : Reconnecting after 1027 ms...
2021-10-26 11:36:33 | [INFO]    | Shard 0 : Connected to wss://gateway.discord.gg
2021-10-26 11:36:33 | [INFO]    | Shard 0 : Received HELLO
2021-10-26 11:36:33 | [INFO]    | Shard 0 : Received RESUMED
2021-10-26 11:42:26 | [INFO]    | Shard 0 : Disconnected
2021-10-26 11:42:26 | [INFO]    | Shard 0 : Reconnecting after 1087 ms...
2021-10-26 11:42:28 | [ERROR]   | Shard 0 : Could not connect to wss://gateway.discord.gg (EAI_NONAME)
2021-10-26 11:42:28 | [INFO]    | Shard 0 : Reconnecting after 2012 ms...
2021-10-26 11:42:30 | [ERROR]   | Shard 0 : Could not connect to wss://gateway.discord.gg (EAI_NONAME)
2021-10-26 11:42:30 | [INFO]    | Shard 0 : Reconnecting after 3733 ms...
2021-10-26 11:42:34 | [INFO]    | Shard 0 : Connected to wss://gateway.discord.gg
2021-10-26 11:42:34 | [INFO]    | Shard 0 : Received HELLO
2021-10-26 11:42:34 | [INFO]    | Shard 0 : Received RESUMED
2021-10-26 12:24:16 | [WARNING] | Shard 0 : Discord has requested a reconnection
2021-10-26 12:24:16 | [INFO]    | Shard 0 : Disconnected
2021-10-26 12:24:16 | [INFO]    | Shard 0 : Reconnecting...
2021-10-26 12:24:17 | [INFO]    | Shard 0 : Connected to wss://gateway.discord.gg
2021-10-26 12:24:17 | [INFO]    | Shard 0 : Received HELLO
2021-10-26 12:24:17 | [INFO]    | Shard 0 : Received READY
